2022-06-01 14:13:13 Error: [Cake\Http\Exception\MissingControllerException] Controller class Api could not be found. in /var/www/html/vendor/cakephp/cakephp/src/Controller/ControllerFactory.php on line 226
Exception Attributes: array (
  'class' => 'Api',
  'plugin' => NULL,
  'prefix' => NULL,
  '_ext' => NULL,
)
Stack Trace:
- /var/www/html/vendor/cakephp/cakephp/src/Controller/ControllerFactory.php:65
- /var/www/html/vendor/cakephp/cakephp/src/Http/BaseApplication.php:311
- /var/www/html/vendor/cakephp/cakephp/src/Http/Runner.php:77
- /var/www/html/vendor/cakephp/cakephp/src/Http/Middleware/BodyParserMiddleware.php:157
- /var/www/html/vendor/cakephp/cakephp/src/Http/Runner.php:73
- /var/www/html/vendor/cakephp/cakephp/src/Routing/Middleware/RoutingMiddleware.php:161
- /var/www/html/vendor/cakephp/cakephp/src/Http/Runner.php:73
- /var/www/html/vendor/cakephp/cakephp/src/Routing/Middleware/AssetMiddleware.php:68
- /var/www/html/vendor/cakephp/cakephp/src/Http/Runner.php:73
- /var/www/html/vendor/cakephp/cakephp/src/Error/Middleware/ErrorHandlerMiddleware.php:126
- /var/www/html/vendor/cakephp/cakephp/src/Http/Runner.php:73
- /var/www/html/vendor/cakephp/debug_kit/src/Middleware/DebugKitMiddleware.php:60
- /var/www/html/vendor/cakephp/cakephp/src/Http/Runner.php:73
- /var/www/html/vendor/cakephp/cakephp/src/Http/Runner.php:58
- /var/www/html/vendor/cakephp/cakephp/src/Http/Server.php:90
- /var/www/html/webroot/index.php:40

Request URL: /api/notifications?direction=DESC&limit=10&page=1&readed=false&sort=created
Referer URL: http://localhost:3000/
Client IP: 172.26.0.1


2022-06-01 14:20:04 Warning: Warning (2): file_put_contents(/var/www/html/config/workflow.php): Failed to open stream: Permission denied in [/var/www/html/vendor/cakephp/cakephp/src/Core/Configure/Engine/PhpConfig.php, line 112]
Trace:
Cake\Error\BaseErrorHandler::handleError() - CORE/src/Error/BaseErrorHandler.php, line 188
DebugKit\Plugin::DebugKit\{closure}() - ROOT/vendor/cakephp/debug_kit/src/Plugin.php, line 105
file_put_contents - [internal], line ??
Cake\Core\Configure\Engine\PhpConfig::dump() - CORE/src/Core/Configure/Engine/PhpConfig.php, line 112
FriendsOfBabba\Core\Workflow\WorkflowFactory::removeInvalids() - ROOT/vendor/friendsofbabba/core/src/Workflow/WorkflowFactory.php, line 73
FriendsOfBabba\Core\Workflow\WorkflowFactory::__construct() - ROOT/vendor/friendsofbabba/core/src/Workflow/WorkflowFactory.php, line 27
FriendsOfBabba\Core\Workflow\WorkflowFactory::instance() - ROOT/vendor/friendsofbabba/core/src/Workflow/WorkflowFactory.php, line 39
Cake\Core\BasePlugin::{closure}() - ROOT/vendor/friendsofbabba/core/config/routes.php, line 12
Cake\Routing\RouteBuilder::scope() - CORE/src/Routing/RouteBuilder.php, line 950
Cake\Routing\RouteBuilder::prefix() - CORE/src/Routing/RouteBuilder.php, line 858
require - ROOT/vendor/friendsofbabba/core/config/routes.php, line 17
Cake\Core\BasePlugin::routes() - CORE/src/Core/BasePlugin.php, line 261
Cake\Http\BaseApplication::pluginRoutes() - CORE/src/Http/BaseApplication.php, line 207
Cake\Routing\Middleware\RoutingMiddleware::prepareRouteCollection() - CORE/src/Routing/Middleware/RoutingMiddleware.php, line 115
Cake\Routing\Middleware\RoutingMiddleware::buildRouteCollection() - CORE/src/Routing/Middleware/RoutingMiddleware.php, line 102
Cake\Routing\Middleware\RoutingMiddleware::loadRoutes() - CORE/src/Routing/Middleware/RoutingMiddleware.php, line 85
Cake\Routing\Middleware\RoutingMiddleware::process() - CORE/src/Routing/Middleware/RoutingMiddleware.php, line 133
Cake\Http\Runner::handle() - CORE/src/Http/Runner.php, line 73
Cake\Routing\Middleware\AssetMiddleware::process() - CORE/src/Routing/Middleware/AssetMiddleware.php, line 68
Cake\Http\Runner::handle() - CORE/src/Http/Runner.php, line 73
Cake\Error\Middleware\ErrorHandlerMiddleware::process() - CORE/src/Error/Middleware/ErrorHandlerMiddleware.php, line 126
Cake\Http\Runner::handle() - CORE/src/Http/Runner.php, line 73
DebugKit\Middleware\DebugKitMiddleware::process() - ROOT/vendor/cakephp/debug_kit/src/Middleware/DebugKitMiddleware.php, line 60
Cake\Http\Runner::handle() - CORE/src/Http/Runner.php, line 73
Cake\Http\Runner::run() - CORE/src/Http/Runner.php, line 58
Cake\Http\Server::run() - CORE/src/Http/Server.php, line 90
[main] - ROOT/webroot/index.php, line 40

2022-06-01 14:20:04 Warning: Warning (2): file_get_contents(/var/www/html/config//jwt.pem) [<a href='https://secure.php.net/function.file-get-contents'>function.file-get-contents</a>]: Failed to open stream: No such file or directory in [/var/www/html/vendor/friendsofbabba/core/src/Plugin.php, line 127]
Request URL: /api/languages/load
Referer URL: http://localhost:3000/
Client IP: 172.26.0.1
Trace:
Cake\Error\BaseErrorHandler::handleError() - CORE/src/Error/BaseErrorHandler.php, line 188
DebugKit\Plugin::DebugKit\{closure}() - ROOT/vendor/cakephp/debug_kit/src/Plugin.php, line 105
file_get_contents - [internal], line ??
FriendsOfBabba\Core\Plugin::getAuthenticationService() - ROOT/vendor/friendsofbabba/core/src/Plugin.php, line 127
Authentication\Middleware\AuthenticationMiddleware::getAuthenticationService() - ROOT/vendor/cakephp/authentication/src/Middleware/AuthenticationMiddleware.php, line 154
Authentication\Middleware\AuthenticationMiddleware::process() - ROOT/vendor/cakephp/authentication/src/Middleware/AuthenticationMiddleware.php, line 102
Cake\Http\Runner::handle() - CORE/src/Http/Runner.php, line 73
Cake\Http\Middleware\BodyParserMiddleware::process() - CORE/src/Http/Middleware/BodyParserMiddleware.php, line 157
Cake\Http\Runner::handle() - CORE/src/Http/Runner.php, line 73
Cake\Routing\Middleware\RoutingMiddleware::process() - CORE/src/Routing/Middleware/RoutingMiddleware.php, line 161
Cake\Http\Runner::handle() - CORE/src/Http/Runner.php, line 73
Cake\Routing\Middleware\AssetMiddleware::process() - CORE/src/Routing/Middleware/AssetMiddleware.php, line 68
Cake\Http\Runner::handle() - CORE/src/Http/Runner.php, line 73
Cake\Error\Middleware\ErrorHandlerMiddleware::process() - CORE/src/Error/Middleware/ErrorHandlerMiddleware.php, line 126
Cake\Http\Runner::handle() - CORE/src/Http/Runner.php, line 73
DebugKit\Middleware\DebugKitMiddleware::process() - ROOT/vendor/cakephp/debug_kit/src/Middleware/DebugKitMiddleware.php, line 60
Cake\Http\Runner::handle() - CORE/src/Http/Runner.php, line 73
Cake\Http\Runner::run() - CORE/src/Http/Runner.php, line 58
Cake\Http\Server::run() - CORE/src/Http/Server.php, line 90
[main] - ROOT/webroot/index.php, line 40

2022-06-01 14:20:04 Warning: Warning (512): SplFileInfo::openFile(/var/www/html/tmp/cache/persistent/myapp_cake_core_translations.default.en_US) [<a href='https://secure.php.net/splfileinfo.openfile'>splfileinfo.openfile</a>]: Failed to open stream: Permission denied in [/var/www/html/vendor/cakephp/cakephp/src/Cache/Engine/FileEngine.php, line 387]
Request URL: /api/languages/load
Referer URL: http://localhost:3000/
Client IP: 172.26.0.1
Trace:
Cake\Error\BaseErrorHandler::handleError() - CORE/src/Error/BaseErrorHandler.php, line 188
DebugKit\Plugin::DebugKit\{closure}() - ROOT/vendor/cakephp/debug_kit/src/Plugin.php, line 105
Cake\Cache\Engine\FileEngine::_setKey() - CORE/src/Cache/Engine/FileEngine.php, line 387
Cake\Cache\Engine\FileEngine::get() - CORE/src/Cache/Engine/FileEngine.php, line 164
DebugKit\Cache\Engine\DebugEngine::get() - ROOT/vendor/cakephp/debug_kit/src/Cache/Engine/DebugEngine.php, line 180
Cake\I18n\TranslatorRegistry::get() - CORE/src/I18n/TranslatorRegistry.php, line 204
Cake\I18n\TranslatorRegistry::createInstance() - CORE/src/I18n/TranslatorRegistry.php, line 251
Cake\I18n\TranslatorRegistry::_getTranslator() - CORE/src/I18n/TranslatorRegistry.php, line 236
Cake\I18n\TranslatorRegistry::get() - CORE/src/I18n/TranslatorRegistry.php, line 206
Cake\I18n\I18n::getTranslator() - CORE/src/I18n/I18n.php, line 148
__d - CORE/src/I18n/functions.php, line 98
DebugKit\DebugTimer::getAll() - ROOT/vendor/cakephp/debug_kit/src/DebugTimer.php, line 135
DebugKit\Panel\TimerPanel::data() - ROOT/vendor/cakephp/debug_kit/src/Panel/TimerPanel.php, line 112
DebugKit\ToolbarService::saveData() - ROOT/vendor/cakephp/debug_kit/src/ToolbarService.php, line 282
DebugKit\Middleware\DebugKitMiddleware::process() - ROOT/vendor/cakephp/debug_kit/src/Middleware/DebugKitMiddleware.php, line 66
Cake\Http\Runner::handle() - CORE/src/Http/Runner.php, line 73
Cake\Http\Runner::run() - CORE/src/Http/Runner.php, line 58
Cake\Http\Server::run() - CORE/src/Http/Server.php, line 90
[main] - ROOT/webroot/index.php, line 40

2022-06-01 14:20:04 Warning: Warning (512): SplFileInfo::openFile(/var/www/html/tmp/cache/persistent/myapp_cake_core_translations.default.en_US) [<a href='https://secure.php.net/splfileinfo.openfile'>splfileinfo.openfile</a>]: Failed to open stream: Permission denied in [/var/www/html/vendor/cakephp/cakephp/src/Cache/Engine/FileEngine.php, line 387]
Request URL: /api/languages/load
Referer URL: http://localhost:3000/
Client IP: 172.26.0.1
Trace:
Cake\Error\BaseErrorHandler::handleError() - CORE/src/Error/BaseErrorHandler.php, line 188
DebugKit\Plugin::DebugKit\{closure}() - ROOT/vendor/cakephp/debug_kit/src/Plugin.php, line 105
Cake\Cache\Engine\FileEngine::_setKey() - CORE/src/Cache/Engine/FileEngine.php, line 387
Cake\Cache\Engine\FileEngine::set() - CORE/src/Cache/Engine/FileEngine.php, line 122
DebugKit\Cache\Engine\DebugEngine::set() - ROOT/vendor/cakephp/debug_kit/src/Cache/Engine/DebugEngine.php, line 150
Cake\I18n\TranslatorRegistry::get() - CORE/src/I18n/TranslatorRegistry.php, line 207
Cake\I18n\TranslatorRegistry::createInstance() - CORE/src/I18n/TranslatorRegistry.php, line 251
Cake\I18n\TranslatorRegistry::_getTranslator() - CORE/src/I18n/TranslatorRegistry.php, line 236
Cake\I18n\TranslatorRegistry::get() - CORE/src/I18n/TranslatorRegistry.php, line 206
Cake\I18n\I18n::getTranslator() - CORE/src/I18n/I18n.php, line 148
__d - CORE/src/I18n/functions.php, line 98
DebugKit\DebugTimer::getAll() - ROOT/vendor/cakephp/debug_kit/src/DebugTimer.php, line 135
DebugKit\Panel\TimerPanel::data() - ROOT/vendor/cakephp/debug_kit/src/Panel/TimerPanel.php, line 112
DebugKit\ToolbarService::saveData() - ROOT/vendor/cakephp/debug_kit/src/ToolbarService.php, line 282
DebugKit\Middleware\DebugKitMiddleware::process() - ROOT/vendor/cakephp/debug_kit/src/Middleware/DebugKitMiddleware.php, line 66
Cake\Http\Runner::handle() - CORE/src/Http/Runner.php, line 73
Cake\Http\Runner::run() - CORE/src/Http/Runner.php, line 58
Cake\Http\Server::run() - CORE/src/Http/Server.php, line 90
[main] - ROOT/webroot/index.php, line 40

2022-06-01 14:20:04 Warning: Warning (512): SplFileInfo::openFile(/var/www/html/tmp/cache/persistent/myapp_cake_core_translations.cake.en_US) [<a href='https://secure.php.net/splfileinfo.openfile'>splfileinfo.openfile</a>]: Failed to open stream: Permission denied in [/var/www/html/vendor/cakephp/cakephp/src/Cache/Engine/FileEngine.php, line 387]
Request URL: /api/languages/load
Referer URL: http://localhost:3000/
Client IP: 172.26.0.1
Trace:
Cake\Error\BaseErrorHandler::handleError() - CORE/src/Error/BaseErrorHandler.php, line 188
DebugKit\Plugin::DebugKit\{closure}() - ROOT/vendor/cakephp/debug_kit/src/Plugin.php, line 105
Cake\Cache\Engine\FileEngine::_setKey() - CORE/src/Cache/Engine/FileEngine.php, line 387
Cake\Cache\Engine\FileEngine::get() - CORE/src/Cache/Engine/FileEngine.php, line 164
DebugKit\Cache\Engine\DebugEngine::get() - ROOT/vendor/cakephp/debug_kit/src/Cache/Engine/DebugEngine.php, line 180
Cake\I18n\TranslatorRegistry::get() - CORE/src/I18n/TranslatorRegistry.php, line 204
Cake\I18n\I18n::getTranslator() - CORE/src/I18n/I18n.php, line 148
__d - CORE/src/I18n/functions.php, line 98
Cake\I18n\Number::toReadableSize() - CORE/src/I18n/Number.php, line 118
DebugKit\Panel\TimerPanel::summary() - ROOT/vendor/cakephp/debug_kit/src/Panel/TimerPanel.php, line 126
DebugKit\ToolbarService::saveData() - ROOT/vendor/cakephp/debug_kit/src/ToolbarService.php, line 292
DebugKit\Middleware\DebugKitMiddleware::process() - ROOT/vendor/cakephp/debug_kit/src/Middleware/DebugKitMiddleware.php, line 66
Cake\Http\Runner::handle() - CORE/src/Http/Runner.php, line 73
Cake\Http\Runner::run() - CORE/src/Http/Runner.php, line 58
Cake\Http\Server::run() - CORE/src/Http/Server.php, line 90
[main] - ROOT/webroot/index.php, line 40

2022-06-01 14:20:04 Warning: Warning (512): SplFileInfo::openFile(/var/www/html/tmp/cache/persistent/myapp_cake_core_translations.cake.en_US) [<a href='https://secure.php.net/splfileinfo.openfile'>splfileinfo.openfile</a>]: Failed to open stream: Permission denied in [/var/www/html/vendor/cakephp/cakephp/src/Cache/Engine/FileEngine.php, line 387]
Request URL: /api/languages/load
Referer URL: http://localhost:3000/
Client IP: 172.26.0.1
Trace:
Cake\Error\BaseErrorHandler::handleError() - CORE/src/Error/BaseErrorHandler.php, line 188
DebugKit\Plugin::DebugKit\{closure}() - ROOT/vendor/cakephp/debug_kit/src/Plugin.php, line 105
Cake\Cache\Engine\FileEngine::_setKey() - CORE/src/Cache/Engine/FileEngine.php, line 387
Cake\Cache\Engine\FileEngine::set() - CORE/src/Cache/Engine/FileEngine.php, line 122
DebugKit\Cache\Engine\DebugEngine::set() - ROOT/vendor/cakephp/debug_kit/src/Cache/Engine/DebugEngine.php, line 150
Cake\I18n\TranslatorRegistry::get() - CORE/src/I18n/TranslatorRegistry.php, line 207
Cake\I18n\I18n::getTranslator() - CORE/src/I18n/I18n.php, line 148
__d - CORE/src/I18n/functions.php, line 98
Cake\I18n\Number::toReadableSize() - CORE/src/I18n/Number.php, line 118
DebugKit\Panel\TimerPanel::summary() - ROOT/vendor/cakephp/debug_kit/src/Panel/TimerPanel.php, line 126
DebugKit\ToolbarService::saveData() - ROOT/vendor/cakephp/debug_kit/src/ToolbarService.php, line 292
DebugKit\Middleware\DebugKitMiddleware::process() - ROOT/vendor/cakephp/debug_kit/src/Middleware/DebugKitMiddleware.php, line 66
Cake\Http\Runner::handle() - CORE/src/Http/Runner.php, line 73
Cake\Http\Runner::run() - CORE/src/Http/Runner.php, line 58
Cake\Http\Server::run() - CORE/src/Http/Server.php, line 90
[main] - ROOT/webroot/index.php, line 40

2022-06-01 14:20:04 Warning: Warning (512): Unable to emit headers. Headers sent in file=/var/www/html/vendor/cakephp/cakephp/src/Error/Debugger.php line=971 in [/var/www/html/vendor/cakephp/cakephp/src/Http/ResponseEmitter.php, line 71]
Request URL: /api/languages/load
Referer URL: http://localhost:3000/
Client IP: 172.26.0.1
Trace:
Cake\Error\BaseErrorHandler::handleError() - CORE/src/Error/BaseErrorHandler.php, line 188
DebugKit\Plugin::DebugKit\{closure}() - ROOT/vendor/cakephp/debug_kit/src/Plugin.php, line 105
Cake\Http\ResponseEmitter::emit() - CORE/src/Http/ResponseEmitter.php, line 71
Cake\Http\Server::emit() - CORE/src/Http/Server.php, line 128
[main] - ROOT/webroot/index.php, line 40

2022-06-01 14:20:04 Warning: Warning (2): Cannot modify header information - headers already sent by (output started at /var/www/html/vendor/cakephp/cakephp/src/Error/Debugger.php:971) in [/var/www/html/vendor/cakephp/cakephp/src/Http/ResponseEmitter.php, line 168]
Request URL: /api/languages/load
Referer URL: http://localhost:3000/
Client IP: 172.26.0.1
Trace:
Cake\Error\BaseErrorHandler::handleError() - CORE/src/Error/BaseErrorHandler.php, line 188
DebugKit\Plugin::DebugKit\{closure}() - ROOT/vendor/cakephp/debug_kit/src/Plugin.php, line 105
header - [internal], line ??
Cake\Http\ResponseEmitter::emitStatusLine() - CORE/src/Http/ResponseEmitter.php, line 168
Cake\Http\ResponseEmitter::emit() - CORE/src/Http/ResponseEmitter.php, line 74
Cake\Http\Server::emit() - CORE/src/Http/Server.php, line 128
[main] - ROOT/webroot/index.php, line 40

2022-06-01 14:20:04 Warning: Warning (2): Cannot modify header information - headers already sent by (output started at /var/www/html/vendor/cakephp/cakephp/src/Error/Debugger.php:971) in [/var/www/html/vendor/cakephp/cakephp/src/Http/ResponseEmitter.php, line 197]
Request URL: /api/languages/load
Referer URL: http://localhost:3000/
Client IP: 172.26.0.1
Trace:
Cake\Error\BaseErrorHandler::handleError() - CORE/src/Error/BaseErrorHandler.php, line 188
DebugKit\Plugin::DebugKit\{closure}() - ROOT/vendor/cakephp/debug_kit/src/Plugin.php, line 105
header - [internal], line ??
Cake\Http\ResponseEmitter::emitHeaders() - CORE/src/Http/ResponseEmitter.php, line 197
Cake\Http\ResponseEmitter::emit() - CORE/src/Http/ResponseEmitter.php, line 75
Cake\Http\Server::emit() - CORE/src/Http/Server.php, line 128
[main] - ROOT/webroot/index.php, line 40

2022-06-01 14:20:04 Warning: Warning (2): Cannot modify header information - headers already sent by (output started at /var/www/html/vendor/cakephp/cakephp/src/Error/Debugger.php:971) in [/var/www/html/vendor/cakephp/cakephp/src/Http/ResponseEmitter.php, line 197]
Request URL: /api/languages/load
Referer URL: http://localhost:3000/
Client IP: 172.26.0.1
Trace:
Cake\Error\BaseErrorHandler::handleError() - CORE/src/Error/BaseErrorHandler.php, line 188
DebugKit\Plugin::DebugKit\{closure}() - ROOT/vendor/cakephp/debug_kit/src/Plugin.php, line 105
header - [internal], line ??
Cake\Http\ResponseEmitter::emitHeaders() - CORE/src/Http/ResponseEmitter.php, line 197
Cake\Http\ResponseEmitter::emit() - CORE/src/Http/ResponseEmitter.php, line 75
Cake\Http\Server::emit() - CORE/src/Http/Server.php, line 128
[main] - ROOT/webroot/index.php, line 40

2022-06-01 14:20:04 Warning: Warning (2): Cannot modify header information - headers already sent by (output started at /var/www/html/vendor/cakephp/cakephp/src/Error/Debugger.php:971) in [/var/www/html/vendor/cakephp/cakephp/src/Http/ResponseEmitter.php, line 197]
Request URL: /api/languages/load
Referer URL: http://localhost:3000/
Client IP: 172.26.0.1
Trace:
Cake\Error\BaseErrorHandler::handleError() - CORE/src/Error/BaseErrorHandler.php, line 188
DebugKit\Plugin::DebugKit\{closure}() - ROOT/vendor/cakephp/debug_kit/src/Plugin.php, line 105
header - [internal], line ??
Cake\Http\ResponseEmitter::emitHeaders() - CORE/src/Http/ResponseEmitter.php, line 197
Cake\Http\ResponseEmitter::emit() - CORE/src/Http/ResponseEmitter.php, line 75
Cake\Http\Server::emit() - CORE/src/Http/Server.php, line 128
[main] - ROOT/webroot/index.php, line 40

2022-06-01 14:20:04 Warning: Warning (2): Cannot modify header information - headers already sent by (output started at /var/www/html/vendor/cakephp/cakephp/src/Error/Debugger.php:971) in [/var/www/html/vendor/cakephp/cakephp/src/Http/ResponseEmitter.php, line 197]
Request URL: /api/languages/load
Referer URL: http://localhost:3000/
Client IP: 172.26.0.1
Trace:
Cake\Error\BaseErrorHandler::handleError() - CORE/src/Error/BaseErrorHandler.php, line 188
DebugKit\Plugin::DebugKit\{closure}() - ROOT/vendor/cakephp/debug_kit/src/Plugin.php, line 105
header - [internal], line ??
Cake\Http\ResponseEmitter::emitHeaders() - CORE/src/Http/ResponseEmitter.php, line 197
Cake\Http\ResponseEmitter::emit() - CORE/src/Http/ResponseEmitter.php, line 75
Cake\Http\Server::emit() - CORE/src/Http/Server.php, line 128
[main] - ROOT/webroot/index.php, line 40

2022-06-01 14:20:04 Warning: Warning (2): Cannot modify header information - headers already sent by (output started at /var/www/html/vendor/cakephp/cakephp/src/Error/Debugger.php:971) in [/var/www/html/vendor/cakephp/cakephp/src/Http/ResponseEmitter.php, line 197]
Request URL: /api/languages/load
Referer URL: http://localhost:3000/
Client IP: 172.26.0.1
Trace:
Cake\Error\BaseErrorHandler::handleError() - CORE/src/Error/BaseErrorHandler.php, line 188
DebugKit\Plugin::DebugKit\{closure}() - ROOT/vendor/cakephp/debug_kit/src/Plugin.php, line 105
header - [internal], line ??
Cake\Http\ResponseEmitter::emitHeaders() - CORE/src/Http/ResponseEmitter.php, line 197
Cake\Http\ResponseEmitter::emit() - CORE/src/Http/ResponseEmitter.php, line 75
Cake\Http\Server::emit() - CORE/src/Http/Server.php, line 128
[main] - ROOT/webroot/index.php, line 40

2022-06-01 14:20:04 Warning: Warning (2): Cannot modify header information - headers already sent by (output started at /var/www/html/vendor/cakephp/cakephp/src/Error/Debugger.php:971) in [/var/www/html/vendor/cakephp/cakephp/src/Http/ResponseEmitter.php, line 197]
Request URL: /api/languages/load
Referer URL: http://localhost:3000/
Client IP: 172.26.0.1
Trace:
Cake\Error\BaseErrorHandler::handleError() - CORE/src/Error/BaseErrorHandler.php, line 188
DebugKit\Plugin::DebugKit\{closure}() - ROOT/vendor/cakephp/debug_kit/src/Plugin.php, line 105
header - [internal], line ??
Cake\Http\ResponseEmitter::emitHeaders() - CORE/src/Http/ResponseEmitter.php, line 197
Cake\Http\ResponseEmitter::emit() - CORE/src/Http/ResponseEmitter.php, line 75
Cake\Http\Server::emit() - CORE/src/Http/Server.php, line 128
[main] - ROOT/webroot/index.php, line 40

2022-06-01 14:20:09 Warning: Warning (2): file_put_contents(/var/www/html/config/workflow.php): Failed to open stream: Permission denied in [/var/www/html/vendor/cakephp/cakephp/src/Core/Configure/Engine/PhpConfig.php, line 112]
Trace:
Cake\Error\BaseErrorHandler::handleError() - CORE/src/Error/BaseErrorHandler.php, line 188
DebugKit\Plugin::DebugKit\{closure}() - ROOT/vendor/cakephp/debug_kit/src/Plugin.php, line 105
file_put_contents - [internal], line ??
Cake\Core\Configure\Engine\PhpConfig::dump() - CORE/src/Core/Configure/Engine/PhpConfig.php, line 112
FriendsOfBabba\Core\Workflow\WorkflowFactory::removeInvalids() - ROOT/vendor/friendsofbabba/core/src/Workflow/WorkflowFactory.php, line 73
FriendsOfBabba\Core\Workflow\WorkflowFactory::__construct() - ROOT/vendor/friendsofbabba/core/src/Workflow/WorkflowFactory.php, line 27
FriendsOfBabba\Core\Workflow\WorkflowFactory::instance() - ROOT/vendor/friendsofbabba/core/src/Workflow/WorkflowFactory.php, line 39
Cake\Core\BasePlugin::{closure}() - ROOT/vendor/friendsofbabba/core/config/routes.php, line 12
Cake\Routing\RouteBuilder::scope() - CORE/src/Routing/RouteBuilder.php, line 950
Cake\Routing\RouteBuilder::prefix() - CORE/src/Routing/RouteBuilder.php, line 858
require - ROOT/vendor/friendsofbabba/core/config/routes.php, line 17
Cake\Core\BasePlugin::routes() - CORE/src/Core/BasePlugin.php, line 261
Cake\Http\BaseApplication::pluginRoutes() - CORE/src/Http/BaseApplication.php, line 207
Cake\Routing\Middleware\RoutingMiddleware::prepareRouteCollection() - CORE/src/Routing/Middleware/RoutingMiddleware.php, line 115
Cake\Routing\Middleware\RoutingMiddleware::buildRouteCollection() - CORE/src/Routing/Middleware/RoutingMiddleware.php, line 102
Cake\Routing\Middleware\RoutingMiddleware::loadRoutes() - CORE/src/Routing/Middleware/RoutingMiddleware.php, line 85
Cake\Routing\Middleware\RoutingMiddleware::process() - CORE/src/Routing/Middleware/RoutingMiddleware.php, line 133
Cake\Http\Runner::handle() - CORE/src/Http/Runner.php, line 73
Cake\Routing\Middleware\AssetMiddleware::process() - CORE/src/Routing/Middleware/AssetMiddleware.php, line 68
Cake\Http\Runner::handle() - CORE/src/Http/Runner.php, line 73
Cake\Error\Middleware\ErrorHandlerMiddleware::process() - CORE/src/Error/Middleware/ErrorHandlerMiddleware.php, line 126
Cake\Http\Runner::handle() - CORE/src/Http/Runner.php, line 73
DebugKit\Middleware\DebugKitMiddleware::process() - ROOT/vendor/cakephp/debug_kit/src/Middleware/DebugKitMiddleware.php, line 60
Cake\Http\Runner::handle() - CORE/src/Http/Runner.php, line 73
Cake\Http\Runner::run() - CORE/src/Http/Runner.php, line 58
Cake\Http\Server::run() - CORE/src/Http/Server.php, line 90
[main] - ROOT/webroot/index.php, line 40

2022-06-01 14:20:09 Warning: Warning (2): file_get_contents(/var/www/html/config//jwt.pem) [<a href='https://secure.php.net/function.file-get-contents'>function.file-get-contents</a>]: Failed to open stream: No such file or directory in [/var/www/html/vendor/friendsofbabba/core/src/Plugin.php, line 127]
Request URL: /api/languages/load
Referer URL: http://localhost:3000/
Client IP: 172.26.0.1
Trace:
Cake\Error\BaseErrorHandler::handleError() - CORE/src/Error/BaseErrorHandler.php, line 188
DebugKit\Plugin::DebugKit\{closure}() - ROOT/vendor/cakephp/debug_kit/src/Plugin.php, line 105
file_get_contents - [internal], line ??
FriendsOfBabba\Core\Plugin::getAuthenticationService() - ROOT/vendor/friendsofbabba/core/src/Plugin.php, line 127
Authentication\Middleware\AuthenticationMiddleware::getAuthenticationService() - ROOT/vendor/cakephp/authentication/src/Middleware/AuthenticationMiddleware.php, line 154
Authentication\Middleware\AuthenticationMiddleware::process() - ROOT/vendor/cakephp/authentication/src/Middleware/AuthenticationMiddleware.php, line 102
Cake\Http\Runner::handle() - CORE/src/Http/Runner.php, line 73
Cake\Http\Middleware\BodyParserMiddleware::process() - CORE/src/Http/Middleware/BodyParserMiddleware.php, line 157
Cake\Http\Runner::handle() - CORE/src/Http/Runner.php, line 73
Cake\Routing\Middleware\RoutingMiddleware::process() - CORE/src/Routing/Middleware/RoutingMiddleware.php, line 161
Cake\Http\Runner::handle() - CORE/src/Http/Runner.php, line 73
Cake\Routing\Middleware\AssetMiddleware::process() - CORE/src/Routing/Middleware/AssetMiddleware.php, line 68
Cake\Http\Runner::handle() - CORE/src/Http/Runner.php, line 73
Cake\Error\Middleware\ErrorHandlerMiddleware::process() - CORE/src/Error/Middleware/ErrorHandlerMiddleware.php, line 126
Cake\Http\Runner::handle() - CORE/src/Http/Runner.php, line 73
DebugKit\Middleware\DebugKitMiddleware::process() - ROOT/vendor/cakephp/debug_kit/src/Middleware/DebugKitMiddleware.php, line 60
Cake\Http\Runner::handle() - CORE/src/Http/Runner.php, line 73
Cake\Http\Runner::run() - CORE/src/Http/Runner.php, line 58
Cake\Http\Server::run() - CORE/src/Http/Server.php, line 90
[main] - ROOT/webroot/index.php, line 40

2022-06-01 14:20:09 Warning: Warning (512): SplFileInfo::openFile(/var/www/html/tmp/cache/persistent/myapp_cake_core_translations.cake.en_US) [<a href='https://secure.php.net/splfileinfo.openfile'>splfileinfo.openfile</a>]: Failed to open stream: Permission denied in [/var/www/html/vendor/cakephp/cakephp/src/Cache/Engine/FileEngine.php, line 387]
Request URL: /api/languages/load
Referer URL: http://localhost:3000/
Client IP: 172.26.0.1
Trace:
Cake\Error\BaseErrorHandler::handleError() - CORE/src/Error/BaseErrorHandler.php, line 188
DebugKit\Plugin::DebugKit\{closure}() - ROOT/vendor/cakephp/debug_kit/src/Plugin.php, line 105
Cake\Cache\Engine\FileEngine::_setKey() - CORE/src/Cache/Engine/FileEngine.php, line 387
Cake\Cache\Engine\FileEngine::get() - CORE/src/Cache/Engine/FileEngine.php, line 164
DebugKit\Cache\Engine\DebugEngine::get() - ROOT/vendor/cakephp/debug_kit/src/Cache/Engine/DebugEngine.php, line 180
Cake\I18n\TranslatorRegistry::get() - CORE/src/I18n/TranslatorRegistry.php, line 204
Cake\I18n\I18n::getTranslator() - CORE/src/I18n/I18n.php, line 148
__d - CORE/src/I18n/functions.php, line 98
Cake\I18n\Number::toReadableSize() - CORE/src/I18n/Number.php, line 118
DebugKit\Panel\TimerPanel::summary() - ROOT/vendor/cakephp/debug_kit/src/Panel/TimerPanel.php, line 126
DebugKit\ToolbarService::saveData() - ROOT/vendor/cakephp/debug_kit/src/ToolbarService.php, line 292
DebugKit\Middleware\DebugKitMiddleware::process() - ROOT/vendor/cakephp/debug_kit/src/Middleware/DebugKitMiddleware.php, line 66
Cake\Http\Runner::handle() - CORE/src/Http/Runner.php, line 73
Cake\Http\Runner::run() - CORE/src/Http/Runner.php, line 58
Cake\Http\Server::run() - CORE/src/Http/Server.php, line 90
[main] - ROOT/webroot/index.php, line 40

2022-06-01 14:20:09 Warning: Warning (512): SplFileInfo::openFile(/var/www/html/tmp/cache/persistent/myapp_cake_core_translations.default.en_US) [<a href='https://secure.php.net/splfileinfo.openfile'>splfileinfo.openfile</a>]: Failed to open stream: Permission denied in [/var/www/html/vendor/cakephp/cakephp/src/Cache/Engine/FileEngine.php, line 387]
Request URL: /api/languages/load
Referer URL: http://localhost:3000/
Client IP: 172.26.0.1
Trace:
Cake\Error\BaseErrorHandler::handleError() - CORE/src/Error/BaseErrorHandler.php, line 188
DebugKit\Plugin::DebugKit\{closure}() - ROOT/vendor/cakephp/debug_kit/src/Plugin.php, line 105
Cake\Cache\Engine\FileEngine::_setKey() - CORE/src/Cache/Engine/FileEngine.php, line 387
Cake\Cache\Engine\FileEngine::get() - CORE/src/Cache/Engine/FileEngine.php, line 164
DebugKit\Cache\Engine\DebugEngine::get() - ROOT/vendor/cakephp/debug_kit/src/Cache/Engine/DebugEngine.php, line 180
Cake\I18n\TranslatorRegistry::get() - CORE/src/I18n/TranslatorRegistry.php, line 204
Cake\I18n\TranslatorRegistry::createInstance() - CORE/src/I18n/TranslatorRegistry.php, line 251
Cake\I18n\TranslatorRegistry::_getTranslator() - CORE/src/I18n/TranslatorRegistry.php, line 236
Cake\I18n\TranslatorRegistry::get() - CORE/src/I18n/TranslatorRegistry.php, line 206
Cake\I18n\I18n::getTranslator() - CORE/src/I18n/I18n.php, line 148
__d - CORE/src/I18n/functions.php, line 98
Cake\I18n\Number::toReadableSize() - CORE/src/I18n/Number.php, line 118
DebugKit\Panel\TimerPanel::summary() - ROOT/vendor/cakephp/debug_kit/src/Panel/TimerPanel.php, line 126
DebugKit\ToolbarService::saveData() - ROOT/vendor/cakephp/debug_kit/src/ToolbarService.php, line 292
DebugKit\Middleware\DebugKitMiddleware::process() - ROOT/vendor/cakephp/debug_kit/src/Middleware/DebugKitMiddleware.php, line 66
Cake\Http\Runner::handle() - CORE/src/Http/Runner.php, line 73
Cake\Http\Runner::run() - CORE/src/Http/Runner.php, line 58
Cake\Http\Server::run() - CORE/src/Http/Server.php, line 90
[main] - ROOT/webroot/index.php, line 40

2022-06-01 14:20:09 Warning: Warning (512): SplFileInfo::openFile(/var/www/html/tmp/cache/persistent/myapp_cake_core_translations.default.en_US) [<a href='https://secure.php.net/splfileinfo.openfile'>splfileinfo.openfile</a>]: Failed to open stream: Permission denied in [/var/www/html/vendor/cakephp/cakephp/src/Cache/Engine/FileEngine.php, line 387]
Request URL: /api/languages/load
Referer URL: http://localhost:3000/
Client IP: 172.26.0.1
Trace:
Cake\Error\BaseErrorHandler::handleError() - CORE/src/Error/BaseErrorHandler.php, line 188
DebugKit\Plugin::DebugKit\{closure}() - ROOT/vendor/cakephp/debug_kit/src/Plugin.php, line 105
Cake\Cache\Engine\FileEngine::_setKey() - CORE/src/Cache/Engine/FileEngine.php, line 387
Cake\Cache\Engine\FileEngine::set() - CORE/src/Cache/Engine/FileEngine.php, line 122
DebugKit\Cache\Engine\DebugEngine::set() - ROOT/vendor/cakephp/debug_kit/src/Cache/Engine/DebugEngine.php, line 150
Cake\I18n\TranslatorRegistry::get() - CORE/src/I18n/TranslatorRegistry.php, line 207
Cake\I18n\TranslatorRegistry::createInstance() - CORE/src/I18n/TranslatorRegistry.php, line 251
Cake\I18n\TranslatorRegistry::_getTranslator() - CORE/src/I18n/TranslatorRegistry.php, line 236
Cake\I18n\TranslatorRegistry::get() - CORE/src/I18n/TranslatorRegistry.php, line 206
Cake\I18n\I18n::getTranslator() - CORE/src/I18n/I18n.php, line 148
__d - CORE/src/I18n/functions.php, line 98
Cake\I18n\Number::toReadableSize() - CORE/src/I18n/Number.php, line 118
DebugKit\Panel\TimerPanel::summary() - ROOT/vendor/cakephp/debug_kit/src/Panel/TimerPanel.php, line 126
DebugKit\ToolbarService::saveData() - ROOT/vendor/cakephp/debug_kit/src/ToolbarService.php, line 292
DebugKit\Middleware\DebugKitMiddleware::process() - ROOT/vendor/cakephp/debug_kit/src/Middleware/DebugKitMiddleware.php, line 66
Cake\Http\Runner::handle() - CORE/src/Http/Runner.php, line 73
Cake\Http\Runner::run() - CORE/src/Http/Runner.php, line 58
Cake\Http\Server::run() - CORE/src/Http/Server.php, line 90
[main] - ROOT/webroot/index.php, line 40

2022-06-01 14:20:09 Warning: Warning (512): SplFileInfo::openFile(/var/www/html/tmp/cache/persistent/myapp_cake_core_translations.cake.en_US) [<a href='https://secure.php.net/splfileinfo.openfile'>splfileinfo.openfile</a>]: Failed to open stream: Permission denied in [/var/www/html/vendor/cakephp/cakephp/src/Cache/Engine/FileEngine.php, line 387]
Request URL: /api/languages/load
Referer URL: http://localhost:3000/
Client IP: 172.26.0.1
Trace:
Cake\Error\BaseErrorHandler::handleError() - CORE/src/Error/BaseErrorHandler.php, line 188
DebugKit\Plugin::DebugKit\{closure}() - ROOT/vendor/cakephp/debug_kit/src/Plugin.php, line 105
Cake\Cache\Engine\FileEngine::_setKey() - CORE/src/Cache/Engine/FileEngine.php, line 387
Cake\Cache\Engine\FileEngine::set() - CORE/src/Cache/Engine/FileEngine.php, line 122
DebugKit\Cache\Engine\DebugEngine::set() - ROOT/vendor/cakephp/debug_kit/src/Cache/Engine/DebugEngine.php, line 150
Cake\I18n\TranslatorRegistry::get() - CORE/src/I18n/TranslatorRegistry.php, line 207
Cake\I18n\I18n::getTranslator() - CORE/src/I18n/I18n.php, line 148
__d - CORE/src/I18n/functions.php, line 98
Cake\I18n\Number::toReadableSize() - CORE/src/I18n/Number.php, line 118
DebugKit\Panel\TimerPanel::summary() - ROOT/vendor/cakephp/debug_kit/src/Panel/TimerPanel.php, line 126
DebugKit\ToolbarService::saveData() - ROOT/vendor/cakephp/debug_kit/src/ToolbarService.php, line 292
DebugKit\Middleware\DebugKitMiddleware::process() - ROOT/vendor/cakephp/debug_kit/src/Middleware/DebugKitMiddleware.php, line 66
Cake\Http\Runner::handle() - CORE/src/Http/Runner.php, line 73
Cake\Http\Runner::run() - CORE/src/Http/Runner.php, line 58
Cake\Http\Server::run() - CORE/src/Http/Server.php, line 90
[main] - ROOT/webroot/index.php, line 40

2022-06-01 14:20:09 Warning: Warning (512): Unable to emit headers. Headers sent in file=/var/www/html/vendor/cakephp/cakephp/src/Error/Debugger.php line=971 in [/var/www/html/vendor/cakephp/cakephp/src/Http/ResponseEmitter.php, line 71]
Request URL: /api/languages/load
Referer URL: http://localhost:3000/
Client IP: 172.26.0.1
Trace:
Cake\Error\BaseErrorHandler::handleError() - CORE/src/Error/BaseErrorHandler.php, line 188
DebugKit\Plugin::DebugKit\{closure}() - ROOT/vendor/cakephp/debug_kit/src/Plugin.php, line 105
Cake\Http\ResponseEmitter::emit() - CORE/src/Http/ResponseEmitter.php, line 71
Cake\Http\Server::emit() - CORE/src/Http/Server.php, line 128
[main] - ROOT/webroot/index.php, line 40

2022-06-01 14:20:09 Warning: Warning (2): Cannot modify header information - headers already sent by (output started at /var/www/html/vendor/cakephp/cakephp/src/Error/Debugger.php:971) in [/var/www/html/vendor/cakephp/cakephp/src/Http/ResponseEmitter.php, line 168]
Request URL: /api/languages/load
Referer URL: http://localhost:3000/
Client IP: 172.26.0.1
Trace:
Cake\Error\BaseErrorHandler::handleError() - CORE/src/Error/BaseErrorHandler.php, line 188
DebugKit\Plugin::DebugKit\{closure}() - ROOT/vendor/cakephp/debug_kit/src/Plugin.php, line 105
header - [internal], line ??
Cake\Http\ResponseEmitter::emitStatusLine() - CORE/src/Http/ResponseEmitter.php, line 168
Cake\Http\ResponseEmitter::emit() - CORE/src/Http/ResponseEmitter.php, line 74
Cake\Http\Server::emit() - CORE/src/Http/Server.php, line 128
[main] - ROOT/webroot/index.php, line 40

2022-06-01 14:20:09 Warning: Warning (2): Cannot modify header information - headers already sent by (output started at /var/www/html/vendor/cakephp/cakephp/src/Error/Debugger.php:971) in [/var/www/html/vendor/cakephp/cakephp/src/Http/ResponseEmitter.php, line 197]
Request URL: /api/languages/load
Referer URL: http://localhost:3000/
Client IP: 172.26.0.1
Trace:
Cake\Error\BaseErrorHandler::handleError() - CORE/src/Error/BaseErrorHandler.php, line 188
DebugKit\Plugin::DebugKit\{closure}() - ROOT/vendor/cakephp/debug_kit/src/Plugin.php, line 105
header - [internal], line ??
Cake\Http\ResponseEmitter::emitHeaders() - CORE/src/Http/ResponseEmitter.php, line 197
Cake\Http\ResponseEmitter::emit() - CORE/src/Http/ResponseEmitter.php, line 75
Cake\Http\Server::emit() - CORE/src/Http/Server.php, line 128
[main] - ROOT/webroot/index.php, line 40

2022-06-01 14:20:09 Warning: Warning (2): Cannot modify header information - headers already sent by (output started at /var/www/html/vendor/cakephp/cakephp/src/Error/Debugger.php:971) in [/var/www/html/vendor/cakephp/cakephp/src/Http/ResponseEmitter.php, line 197]
Request URL: /api/languages/load
Referer URL: http://localhost:3000/
Client IP: 172.26.0.1
Trace:
Cake\Error\BaseErrorHandler::handleError() - CORE/src/Error/BaseErrorHandler.php, line 188
DebugKit\Plugin::DebugKit\{closure}() - ROOT/vendor/cakephp/debug_kit/src/Plugin.php, line 105
header - [internal], line ??
Cake\Http\ResponseEmitter::emitHeaders() - CORE/src/Http/ResponseEmitter.php, line 197
Cake\Http\ResponseEmitter::emit() - CORE/src/Http/ResponseEmitter.php, line 75
Cake\Http\Server::emit() - CORE/src/Http/Server.php, line 128
[main] - ROOT/webroot/index.php, line 40

2022-06-01 14:20:09 Warning: Warning (2): Cannot modify header information - headers already sent by (output started at /var/www/html/vendor/cakephp/cakephp/src/Error/Debugger.php:971) in [/var/www/html/vendor/cakephp/cakephp/src/Http/ResponseEmitter.php, line 197]
Request URL: /api/languages/load
Referer URL: http://localhost:3000/
Client IP: 172.26.0.1
Trace:
Cake\Error\BaseErrorHandler::handleError() - CORE/src/Error/BaseErrorHandler.php, line 188
DebugKit\Plugin::DebugKit\{closure}() - ROOT/vendor/cakephp/debug_kit/src/Plugin.php, line 105
header - [internal], line ??
Cake\Http\ResponseEmitter::emitHeaders() - CORE/src/Http/ResponseEmitter.php, line 197
Cake\Http\ResponseEmitter::emit() - CORE/src/Http/ResponseEmitter.php, line 75
Cake\Http\Server::emit() - CORE/src/Http/Server.php, line 128
[main] - ROOT/webroot/index.php, line 40

2022-06-01 14:20:09 Warning: Warning (2): Cannot modify header information - headers already sent by (output started at /var/www/html/vendor/cakephp/cakephp/src/Error/Debugger.php:971) in [/var/www/html/vendor/cakephp/cakephp/src/Http/ResponseEmitter.php, line 197]
Request URL: /api/languages/load
Referer URL: http://localhost:3000/
Client IP: 172.26.0.1
Trace:
Cake\Error\BaseErrorHandler::handleError() - CORE/src/Error/BaseErrorHandler.php, line 188
DebugKit\Plugin::DebugKit\{closure}() - ROOT/vendor/cakephp/debug_kit/src/Plugin.php, line 105
header - [internal], line ??
Cake\Http\ResponseEmitter::emitHeaders() - CORE/src/Http/ResponseEmitter.php, line 197
Cake\Http\ResponseEmitter::emit() - CORE/src/Http/ResponseEmitter.php, line 75
Cake\Http\Server::emit() - CORE/src/Http/Server.php, line 128
[main] - ROOT/webroot/index.php, line 40

2022-06-01 14:20:09 Warning: Warning (2): Cannot modify header information - headers already sent by (output started at /var/www/html/vendor/cakephp/cakephp/src/Error/Debugger.php:971) in [/var/www/html/vendor/cakephp/cakephp/src/Http/ResponseEmitter.php, line 197]
Request URL: /api/languages/load
Referer URL: http://localhost:3000/
Client IP: 172.26.0.1
Trace:
Cake\Error\BaseErrorHandler::handleError() - CORE/src/Error/BaseErrorHandler.php, line 188
DebugKit\Plugin::DebugKit\{closure}() - ROOT/vendor/cakephp/debug_kit/src/Plugin.php, line 105
header - [internal], line ??
Cake\Http\ResponseEmitter::emitHeaders() - CORE/src/Http/ResponseEmitter.php, line 197
Cake\Http\ResponseEmitter::emit() - CORE/src/Http/ResponseEmitter.php, line 75
Cake\Http\Server::emit() - CORE/src/Http/Server.php, line 128
[main] - ROOT/webroot/index.php, line 40

2022-06-01 14:20:09 Warning: Warning (2): Cannot modify header information - headers already sent by (output started at /var/www/html/vendor/cakephp/cakephp/src/Error/Debugger.php:971) in [/var/www/html/vendor/cakephp/cakephp/src/Http/ResponseEmitter.php, line 197]
Request URL: /api/languages/load
Referer URL: http://localhost:3000/
Client IP: 172.26.0.1
Trace:
Cake\Error\BaseErrorHandler::handleError() - CORE/src/Error/BaseErrorHandler.php, line 188
DebugKit\Plugin::DebugKit\{closure}() - ROOT/vendor/cakephp/debug_kit/src/Plugin.php, line 105
header - [internal], line ??
Cake\Http\ResponseEmitter::emitHeaders() - CORE/src/Http/ResponseEmitter.php, line 197
Cake\Http\ResponseEmitter::emit() - CORE/src/Http/ResponseEmitter.php, line 75
Cake\Http\Server::emit() - CORE/src/Http/Server.php, line 128
[main] - ROOT/webroot/index.php, line 40

2022-06-01 14:20:10 Warning: Warning (2): file_put_contents(/var/www/html/config/workflow.php): Failed to open stream: Permission denied in [/var/www/html/vendor/cakephp/cakephp/src/Core/Configure/Engine/PhpConfig.php, line 112]
Trace:
Cake\Error\BaseErrorHandler::handleError() - CORE/src/Error/BaseErrorHandler.php, line 188
DebugKit\Plugin::DebugKit\{closure}() - ROOT/vendor/cakephp/debug_kit/src/Plugin.php, line 105
file_put_contents - [internal], line ??
Cake\Core\Configure\Engine\PhpConfig::dump() - CORE/src/Core/Configure/Engine/PhpConfig.php, line 112
FriendsOfBabba\Core\Workflow\WorkflowFactory::removeInvalids() - ROOT/vendor/friendsofbabba/core/src/Workflow/WorkflowFactory.php, line 73
FriendsOfBabba\Core\Workflow\WorkflowFactory::__construct() - ROOT/vendor/friendsofbabba/core/src/Workflow/WorkflowFactory.php, line 27
FriendsOfBabba\Core\Workflow\WorkflowFactory::instance() - ROOT/vendor/friendsofbabba/core/src/Workflow/WorkflowFactory.php, line 39
Cake\Core\BasePlugin::{closure}() - ROOT/vendor/friendsofbabba/core/config/routes.php, line 12
Cake\Routing\RouteBuilder::scope() - CORE/src/Routing/RouteBuilder.php, line 950
Cake\Routing\RouteBuilder::prefix() - CORE/src/Routing/RouteBuilder.php, line 858
require - ROOT/vendor/friendsofbabba/core/config/routes.php, line 17
Cake\Core\BasePlugin::routes() - CORE/src/Core/BasePlugin.php, line 261
Cake\Http\BaseApplication::pluginRoutes() - CORE/src/Http/BaseApplication.php, line 207
Cake\Routing\Middleware\RoutingMiddleware::prepareRouteCollection() - CORE/src/Routing/Middleware/RoutingMiddleware.php, line 115
Cake\Routing\Middleware\RoutingMiddleware::buildRouteCollection() - CORE/src/Routing/Middleware/RoutingMiddleware.php, line 102
Cake\Routing\Middleware\RoutingMiddleware::loadRoutes() - CORE/src/Routing/Middleware/RoutingMiddleware.php, line 85
Cake\Routing\Middleware\RoutingMiddleware::process() - CORE/src/Routing/Middleware/RoutingMiddleware.php, line 133
Cake\Http\Runner::handle() - CORE/src/Http/Runner.php, line 73
Cake\Routing\Middleware\AssetMiddleware::process() - CORE/src/Routing/Middleware/AssetMiddleware.php, line 68
Cake\Http\Runner::handle() - CORE/src/Http/Runner.php, line 73
Cake\Error\Middleware\ErrorHandlerMiddleware::process() - CORE/src/Error/Middleware/ErrorHandlerMiddleware.php, line 126
Cake\Http\Runner::handle() - CORE/src/Http/Runner.php, line 73
DebugKit\Middleware\DebugKitMiddleware::process() - ROOT/vendor/cakephp/debug_kit/src/Middleware/DebugKitMiddleware.php, line 60
Cake\Http\Runner::handle() - CORE/src/Http/Runner.php, line 73
Cake\Http\Runner::run() - CORE/src/Http/Runner.php, line 58
Cake\Http\Server::run() - CORE/src/Http/Server.php, line 90
[main] - ROOT/webroot/index.php, line 40

2022-06-01 14:20:10 Warning: Warning (2): file_get_contents(/var/www/html/config//jwt.pem) [<a href='https://secure.php.net/function.file-get-contents'>function.file-get-contents</a>]: Failed to open stream: No such file or directory in [/var/www/html/vendor/friendsofbabba/core/src/Plugin.php, line 127]
Request URL: /api/languages/load
Client IP: 172.26.0.1
Trace:
Cake\Error\BaseErrorHandler::handleError() - CORE/src/Error/BaseErrorHandler.php, line 188
DebugKit\Plugin::DebugKit\{closure}() - ROOT/vendor/cakephp/debug_kit/src/Plugin.php, line 105
file_get_contents - [internal], line ??
FriendsOfBabba\Core\Plugin::getAuthenticationService() - ROOT/vendor/friendsofbabba/core/src/Plugin.php, line 127
Authentication\Middleware\AuthenticationMiddleware::getAuthenticationService() - ROOT/vendor/cakephp/authentication/src/Middleware/AuthenticationMiddleware.php, line 154
Authentication\Middleware\AuthenticationMiddleware::process() - ROOT/vendor/cakephp/authentication/src/Middleware/AuthenticationMiddleware.php, line 102
Cake\Http\Runner::handle() - CORE/src/Http/Runner.php, line 73
Cake\Http\Middleware\BodyParserMiddleware::process() - CORE/src/Http/Middleware/BodyParserMiddleware.php, line 157
Cake\Http\Runner::handle() - CORE/src/Http/Runner.php, line 73
Cake\Routing\Middleware\RoutingMiddleware::process() - CORE/src/Routing/Middleware/RoutingMiddleware.php, line 161
Cake\Http\Runner::handle() - CORE/src/Http/Runner.php, line 73
Cake\Routing\Middleware\AssetMiddleware::process() - CORE/src/Routing/Middleware/AssetMiddleware.php, line 68
Cake\Http\Runner::handle() - CORE/src/Http/Runner.php, line 73
Cake\Error\Middleware\ErrorHandlerMiddleware::process() - CORE/src/Error/Middleware/ErrorHandlerMiddleware.php, line 126
Cake\Http\Runner::handle() - CORE/src/Http/Runner.php, line 73
DebugKit\Middleware\DebugKitMiddleware::process() - ROOT/vendor/cakephp/debug_kit/src/Middleware/DebugKitMiddleware.php, line 60
Cake\Http\Runner::handle() - CORE/src/Http/Runner.php, line 73
Cake\Http\Runner::run() - CORE/src/Http/Runner.php, line 58
Cake\Http\Server::run() - CORE/src/Http/Server.php, line 90
[main] - ROOT/webroot/index.php, line 40

2022-06-01 14:20:10 Error: [Cake\View\Exception\MissingTemplateException] Template file `Api/Languages/load.php` could not be found.

The following paths were searched:

- `/var/www/html/templates/plugin/FriendsOfBabba/Core/Api/Languages/load.php`
- `/var/www/html/vendor/friendsofbabba/core/templates/Api/Languages/load.php`
- `/var/www/html/templates/Api/Languages/load.php`
- `/var/www/html/vendor/cakephp/cakephp/templates/Api/Languages/load.php`
 in Api/Languages/load.php on line 1354
Exception Attributes: array (
  'file' => 'Api/Languages/load.php',
  'paths' => 
  array (
    0 => '/var/www/html/templates/plugin/FriendsOfBabba/Core/',
    1 => '/var/www/html/vendor/friendsofbabba/core/templates/',
    2 => '/var/www/html/templates/',
    3 => '/var/www/html/vendor/cakephp/cakephp/templates/',
  ),
)
Stack Trace:
- /var/www/html/vendor/cakephp/cakephp/src/View/View.php:761
- /var/www/html/vendor/cakephp/cakephp/src/Controller/Controller.php:699
- /var/www/html/vendor/cakephp/cakephp/src/Controller/Controller.php:540
- /var/www/html/vendor/friendsofcake/crud/src/Controller/ControllerTrait.php:75
- /var/www/html/vendor/cakephp/cakephp/src/Controller/ControllerFactory.php:149
- /var/www/html/vendor/cakephp/cakephp/src/Http/BaseApplication.php:313
- /var/www/html/vendor/cakephp/cakephp/src/Http/Runner.php:77
- /var/www/html/vendor/cakephp/authorization/src/Middleware/RequestAuthorizationMiddleware.php:102
- /var/www/html/vendor/cakephp/cakephp/src/Http/Runner.php:73
- /var/www/html/vendor/friendsofbabba/core/src/Routing/Middleware/CorsMiddleware.php:33
- /var/www/html/vendor/cakephp/cakephp/src/Http/Runner.php:73
- /var/www/html/vendor/cakephp/authorization/src/Middleware/AuthorizationMiddleware.php:129
- /var/www/html/vendor/cakephp/cakephp/src/Http/Runner.php:73
- /var/www/html/vendor/cakephp/authentication/src/Middleware/AuthenticationMiddleware.php:124
- /var/www/html/vendor/cakephp/cakephp/src/Http/Runner.php:73
- /var/www/html/vendor/cakephp/cakephp/src/Http/Middleware/BodyParserMiddleware.php:157
- /var/www/html/vendor/cakephp/cakephp/src/Http/Runner.php:73
- /var/www/html/vendor/cakephp/cakephp/src/Routing/Middleware/RoutingMiddleware.php:161
- /var/www/html/vendor/cakephp/cakephp/src/Http/Runner.php:73
- /var/www/html/vendor/cakephp/cakephp/src/Routing/Middleware/AssetMiddleware.php:68
- /var/www/html/vendor/cakephp/cakephp/src/Http/Runner.php:73
- /var/www/html/vendor/cakephp/cakephp/src/Error/Middleware/ErrorHandlerMiddleware.php:126
- /var/www/html/vendor/cakephp/cakephp/src/Http/Runner.php:73
- /var/www/html/vendor/cakephp/debug_kit/src/Middleware/DebugKitMiddleware.php:60
- /var/www/html/vendor/cakephp/cakephp/src/Http/Runner.php:73
- /var/www/html/vendor/cakephp/cakephp/src/Http/Runner.php:58
- /var/www/html/vendor/cakephp/cakephp/src/Http/Server.php:90
- /var/www/html/webroot/index.php:40

Request URL: /api/languages/load
Client IP: 172.26.0.1


2022-06-01 14:20:11 Warning: Warning (512): SplFileInfo::openFile(/var/www/html/tmp/cache/persistent/myapp_cake_core_translations.cake.en_US) [<a href='https://secure.php.net/splfileinfo.openfile'>splfileinfo.openfile</a>]: Failed to open stream: Permission denied in [/var/www/html/vendor/cakephp/cakephp/src/Cache/Engine/FileEngine.php, line 387]
Request URL: /api/languages/load
Client IP: 172.26.0.1
Trace:
Cake\Error\BaseErrorHandler::handleError() - CORE/src/Error/BaseErrorHandler.php, line 188
DebugKit\Plugin::DebugKit\{closure}() - ROOT/vendor/cakephp/debug_kit/src/Plugin.php, line 105
Cake\Cache\Engine\FileEngine::_setKey() - CORE/src/Cache/Engine/FileEngine.php, line 387
Cake\Cache\Engine\FileEngine::get() - CORE/src/Cache/Engine/FileEngine.php, line 164
DebugKit\Cache\Engine\DebugEngine::get() - ROOT/vendor/cakephp/debug_kit/src/Cache/Engine/DebugEngine.php, line 180
Cake\I18n\TranslatorRegistry::get() - CORE/src/I18n/TranslatorRegistry.php, line 204
Cake\I18n\I18n::getTranslator() - CORE/src/I18n/I18n.php, line 148
__d - CORE/src/I18n/functions.php, line 98
Cake\I18n\Number::toReadableSize() - CORE/src/I18n/Number.php, line 118
DebugKit\Panel\TimerPanel::summary() - ROOT/vendor/cakephp/debug_kit/src/Panel/TimerPanel.php, line 126
DebugKit\ToolbarService::saveData() - ROOT/vendor/cakephp/debug_kit/src/ToolbarService.php, line 292
DebugKit\Middleware\DebugKitMiddleware::process() - ROOT/vendor/cakephp/debug_kit/src/Middleware/DebugKitMiddleware.php, line 66
Cake\Http\Runner::handle() - CORE/src/Http/Runner.php, line 73
Cake\Http\Runner::run() - CORE/src/Http/Runner.php, line 58
Cake\Http\Server::run() - CORE/src/Http/Server.php, line 90
[main] - ROOT/webroot/index.php, line 40

2022-06-01 14:20:11 Warning: Warning (512): SplFileInfo::openFile(/var/www/html/tmp/cache/persistent/myapp_cake_core_translations.default.en_US) [<a href='https://secure.php.net/splfileinfo.openfile'>splfileinfo.openfile</a>]: Failed to open stream: Permission denied in [/var/www/html/vendor/cakephp/cakephp/src/Cache/Engine/FileEngine.php, line 387]
Request URL: /api/languages/load
Client IP: 172.26.0.1
Trace:
Cake\Error\BaseErrorHandler::handleError() - CORE/src/Error/BaseErrorHandler.php, line 188
DebugKit\Plugin::DebugKit\{closure}() - ROOT/vendor/cakephp/debug_kit/src/Plugin.php, line 105
Cake\Cache\Engine\FileEngine::_setKey() - CORE/src/Cache/Engine/FileEngine.php, line 387
Cake\Cache\Engine\FileEngine::get() - CORE/src/Cache/Engine/FileEngine.php, line 164
DebugKit\Cache\Engine\DebugEngine::get() - ROOT/vendor/cakephp/debug_kit/src/Cache/Engine/DebugEngine.php, line 180
Cake\I18n\TranslatorRegistry::get() - CORE/src/I18n/TranslatorRegistry.php, line 204
Cake\I18n\TranslatorRegistry::createInstance() - CORE/src/I18n/TranslatorRegistry.php, line 251
Cake\I18n\TranslatorRegistry::_getTranslator() - CORE/src/I18n/TranslatorRegistry.php, line 236
Cake\I18n\TranslatorRegistry::get() - CORE/src/I18n/TranslatorRegistry.php, line 206
Cake\I18n\I18n::getTranslator() - CORE/src/I18n/I18n.php, line 148
__d - CORE/src/I18n/functions.php, line 98
Cake\I18n\Number::toReadableSize() - CORE/src/I18n/Number.php, line 118
DebugKit\Panel\TimerPanel::summary() - ROOT/vendor/cakephp/debug_kit/src/Panel/TimerPanel.php, line 126
DebugKit\ToolbarService::saveData() - ROOT/vendor/cakephp/debug_kit/src/ToolbarService.php, line 292
DebugKit\Middleware\DebugKitMiddleware::process() - ROOT/vendor/cakephp/debug_kit/src/Middleware/DebugKitMiddleware.php, line 66
Cake\Http\Runner::handle() - CORE/src/Http/Runner.php, line 73
Cake\Http\Runner::run() - CORE/src/Http/Runner.php, line 58
Cake\Http\Server::run() - CORE/src/Http/Server.php, line 90
[main] - ROOT/webroot/index.php, line 40

2022-06-01 14:20:11 Warning: Warning (512): SplFileInfo::openFile(/var/www/html/tmp/cache/persistent/myapp_cake_core_translations.default.en_US) [<a href='https://secure.php.net/splfileinfo.openfile'>splfileinfo.openfile</a>]: Failed to open stream: Permission denied in [/var/www/html/vendor/cakephp/cakephp/src/Cache/Engine/FileEngine.php, line 387]
Request URL: /api/languages/load
Client IP: 172.26.0.1
Trace:
Cake\Error\BaseErrorHandler::handleError() - CORE/src/Error/BaseErrorHandler.php, line 188
DebugKit\Plugin::DebugKit\{closure}() - ROOT/vendor/cakephp/debug_kit/src/Plugin.php, line 105
Cake\Cache\Engine\FileEngine::_setKey() - CORE/src/Cache/Engine/FileEngine.php, line 387
Cake\Cache\Engine\FileEngine::set() - CORE/src/Cache/Engine/FileEngine.php, line 122
DebugKit\Cache\Engine\DebugEngine::set() - ROOT/vendor/cakephp/debug_kit/src/Cache/Engine/DebugEngine.php, line 150
Cake\I18n\TranslatorRegistry::get() - CORE/src/I18n/TranslatorRegistry.php, line 207
Cake\I18n\TranslatorRegistry::createInstance() - CORE/src/I18n/TranslatorRegistry.php, line 251
Cake\I18n\TranslatorRegistry::_getTranslator() - CORE/src/I18n/TranslatorRegistry.php, line 236
Cake\I18n\TranslatorRegistry::get() - CORE/src/I18n/TranslatorRegistry.php, line 206
Cake\I18n\I18n::getTranslator() - CORE/src/I18n/I18n.php, line 148
__d - CORE/src/I18n/functions.php, line 98
Cake\I18n\Number::toReadableSize() - CORE/src/I18n/Number.php, line 118
DebugKit\Panel\TimerPanel::summary() - ROOT/vendor/cakephp/debug_kit/src/Panel/TimerPanel.php, line 126
DebugKit\ToolbarService::saveData() - ROOT/vendor/cakephp/debug_kit/src/ToolbarService.php, line 292
DebugKit\Middleware\DebugKitMiddleware::process() - ROOT/vendor/cakephp/debug_kit/src/Middleware/DebugKitMiddleware.php, line 66
Cake\Http\Runner::handle() - CORE/src/Http/Runner.php, line 73
Cake\Http\Runner::run() - CORE/src/Http/Runner.php, line 58
Cake\Http\Server::run() - CORE/src/Http/Server.php, line 90
[main] - ROOT/webroot/index.php, line 40

2022-06-01 14:20:11 Warning: Warning (512): SplFileInfo::openFile(/var/www/html/tmp/cache/persistent/myapp_cake_core_translations.cake.en_US) [<a href='https://secure.php.net/splfileinfo.openfile'>splfileinfo.openfile</a>]: Failed to open stream: Permission denied in [/var/www/html/vendor/cakephp/cakephp/src/Cache/Engine/FileEngine.php, line 387]
Request URL: /api/languages/load
Client IP: 172.26.0.1
Trace:
Cake\Error\BaseErrorHandler::handleError() - CORE/src/Error/BaseErrorHandler.php, line 188
DebugKit\Plugin::DebugKit\{closure}() - ROOT/vendor/cakephp/debug_kit/src/Plugin.php, line 105
Cake\Cache\Engine\FileEngine::_setKey() - CORE/src/Cache/Engine/FileEngine.php, line 387
Cake\Cache\Engine\FileEngine::set() - CORE/src/Cache/Engine/FileEngine.php, line 122
DebugKit\Cache\Engine\DebugEngine::set() - ROOT/vendor/cakephp/debug_kit/src/Cache/Engine/DebugEngine.php, line 150
Cake\I18n\TranslatorRegistry::get() - CORE/src/I18n/TranslatorRegistry.php, line 207
Cake\I18n\I18n::getTranslator() - CORE/src/I18n/I18n.php, line 148
__d - CORE/src/I18n/functions.php, line 98
Cake\I18n\Number::toReadableSize() - CORE/src/I18n/Number.php, line 118
DebugKit\Panel\TimerPanel::summary() - ROOT/vendor/cakephp/debug_kit/src/Panel/TimerPanel.php, line 126
DebugKit\ToolbarService::saveData() - ROOT/vendor/cakephp/debug_kit/src/ToolbarService.php, line 292
DebugKit\Middleware\DebugKitMiddleware::process() - ROOT/vendor/cakephp/debug_kit/src/Middleware/DebugKitMiddleware.php, line 66
Cake\Http\Runner::handle() - CORE/src/Http/Runner.php, line 73
Cake\Http\Runner::run() - CORE/src/Http/Runner.php, line 58
Cake\Http\Server::run() - CORE/src/Http/Server.php, line 90
[main] - ROOT/webroot/index.php, line 40

2022-06-01 14:20:11 Warning: Warning (512): Unable to emit headers. Headers sent in file=/var/www/html/vendor/cakephp/cakephp/src/Error/Debugger.php line=971 in [/var/www/html/vendor/cakephp/cakephp/src/Http/ResponseEmitter.php, line 71]
Request URL: /api/languages/load
Client IP: 172.26.0.1
Trace:
Cake\Error\BaseErrorHandler::handleError() - CORE/src/Error/BaseErrorHandler.php, line 188
DebugKit\Plugin::DebugKit\{closure}() - ROOT/vendor/cakephp/debug_kit/src/Plugin.php, line 105
Cake\Http\ResponseEmitter::emit() - CORE/src/Http/ResponseEmitter.php, line 71
Cake\Http\Server::emit() - CORE/src/Http/Server.php, line 128
[main] - ROOT/webroot/index.php, line 40

2022-06-01 14:20:11 Warning: Warning (2): Cannot modify header information - headers already sent by (output started at /var/www/html/vendor/cakephp/cakephp/src/Error/Debugger.php:971) in [/var/www/html/vendor/cakephp/cakephp/src/Http/ResponseEmitter.php, line 168]
Request URL: /api/languages/load
Client IP: 172.26.0.1
Trace:
Cake\Error\BaseErrorHandler::handleError() - CORE/src/Error/BaseErrorHandler.php, line 188
DebugKit\Plugin::DebugKit\{closure}() - ROOT/vendor/cakephp/debug_kit/src/Plugin.php, line 105
header - [internal], line ??
Cake\Http\ResponseEmitter::emitStatusLine() - CORE/src/Http/ResponseEmitter.php, line 168
Cake\Http\ResponseEmitter::emit() - CORE/src/Http/ResponseEmitter.php, line 74
Cake\Http\Server::emit() - CORE/src/Http/Server.php, line 128
[main] - ROOT/webroot/index.php, line 40

2022-06-01 14:20:11 Warning: Warning (2): Cannot modify header information - headers already sent by (output started at /var/www/html/vendor/cakephp/cakephp/src/Error/Debugger.php:971) in [/var/www/html/vendor/cakephp/cakephp/src/Http/ResponseEmitter.php, line 197]
Request URL: /api/languages/load
Client IP: 172.26.0.1
Trace:
Cake\Error\BaseErrorHandler::handleError() - CORE/src/Error/BaseErrorHandler.php, line 188
DebugKit\Plugin::DebugKit\{closure}() - ROOT/vendor/cakephp/debug_kit/src/Plugin.php, line 105
header - [internal], line ??
Cake\Http\ResponseEmitter::emitHeaders() - CORE/src/Http/ResponseEmitter.php, line 197
Cake\Http\ResponseEmitter::emit() - CORE/src/Http/ResponseEmitter.php, line 75
Cake\Http\Server::emit() - CORE/src/Http/Server.php, line 128
[main] - ROOT/webroot/index.php, line 40

2022-06-01 14:20:11 Warning: Warning (2): Cannot modify header information - headers already sent by (output started at /var/www/html/vendor/cakephp/cakephp/src/Error/Debugger.php:971) in [/var/www/html/vendor/cakephp/cakephp/src/Http/ResponseEmitter.php, line 197]
Request URL: /api/languages/load
Client IP: 172.26.0.1
Trace:
Cake\Error\BaseErrorHandler::handleError() - CORE/src/Error/BaseErrorHandler.php, line 188
DebugKit\Plugin::DebugKit\{closure}() - ROOT/vendor/cakephp/debug_kit/src/Plugin.php, line 105
header - [internal], line ??
Cake\Http\ResponseEmitter::emitHeaders() - CORE/src/Http/ResponseEmitter.php, line 197
Cake\Http\ResponseEmitter::emit() - CORE/src/Http/ResponseEmitter.php, line 75
Cake\Http\Server::emit() - CORE/src/Http/Server.php, line 128
[main] - ROOT/webroot/index.php, line 40

2022-06-01 14:20:11 Warning: Warning (2): file_put_contents(/var/www/html/config/workflow.php): Failed to open stream: Permission denied in [/var/www/html/vendor/cakephp/cakephp/src/Core/Configure/Engine/PhpConfig.php, line 112]
Trace:
Cake\Error\BaseErrorHandler::handleError() - CORE/src/Error/BaseErrorHandler.php, line 188
DebugKit\Plugin::DebugKit\{closure}() - ROOT/vendor/cakephp/debug_kit/src/Plugin.php, line 105
file_put_contents - [internal], line ??
Cake\Core\Configure\Engine\PhpConfig::dump() - CORE/src/Core/Configure/Engine/PhpConfig.php, line 112
FriendsOfBabba\Core\Workflow\WorkflowFactory::removeInvalids() - ROOT/vendor/friendsofbabba/core/src/Workflow/WorkflowFactory.php, line 73
FriendsOfBabba\Core\Workflow\WorkflowFactory::__construct() - ROOT/vendor/friendsofbabba/core/src/Workflow/WorkflowFactory.php, line 27
FriendsOfBabba\Core\Workflow\WorkflowFactory::instance() - ROOT/vendor/friendsofbabba/core/src/Workflow/WorkflowFactory.php, line 39
Cake\Core\BasePlugin::{closure}() - ROOT/vendor/friendsofbabba/core/config/routes.php, line 12
Cake\Routing\RouteBuilder::scope() - CORE/src/Routing/RouteBuilder.php, line 950
Cake\Routing\RouteBuilder::prefix() - CORE/src/Routing/RouteBuilder.php, line 858
require - ROOT/vendor/friendsofbabba/core/config/routes.php, line 17
Cake\Core\BasePlugin::routes() - CORE/src/Core/BasePlugin.php, line 261
Cake\Http\BaseApplication::pluginRoutes() - CORE/src/Http/BaseApplication.php, line 207
Cake\Routing\Middleware\RoutingMiddleware::prepareRouteCollection() - CORE/src/Routing/Middleware/RoutingMiddleware.php, line 115
Cake\Routing\Middleware\RoutingMiddleware::buildRouteCollection() - CORE/src/Routing/Middleware/RoutingMiddleware.php, line 102
Cake\Routing\Middleware\RoutingMiddleware::loadRoutes() - CORE/src/Routing/Middleware/RoutingMiddleware.php, line 85
Cake\Routing\Middleware\RoutingMiddleware::process() - CORE/src/Routing/Middleware/RoutingMiddleware.php, line 133
Cake\Http\Runner::handle() - CORE/src/Http/Runner.php, line 73
Cake\Routing\Middleware\AssetMiddleware::process() - CORE/src/Routing/Middleware/AssetMiddleware.php, line 68
Cake\Http\Runner::handle() - CORE/src/Http/Runner.php, line 73
Cake\Error\Middleware\ErrorHandlerMiddleware::process() - CORE/src/Error/Middleware/ErrorHandlerMiddleware.php, line 126
Cake\Http\Runner::handle() - CORE/src/Http/Runner.php, line 73
DebugKit\Middleware\DebugKitMiddleware::process() - ROOT/vendor/cakephp/debug_kit/src/Middleware/DebugKitMiddleware.php, line 60
Cake\Http\Runner::handle() - CORE/src/Http/Runner.php, line 73
Cake\Http\Runner::run() - CORE/src/Http/Runner.php, line 58
Cake\Http\Server::run() - CORE/src/Http/Server.php, line 90
[main] - ROOT/webroot/index.php, line 40

2022-06-01 14:20:11 Warning: Warning (2): file_get_contents(/var/www/html/config//jwt.pem) [<a href='https://secure.php.net/function.file-get-contents'>function.file-get-contents</a>]: Failed to open stream: No such file or directory in [/var/www/html/vendor/friendsofbabba/core/src/Plugin.php, line 127]
Request URL: /debug-kit/toolbar/a9692293-73a7-473d-94f1-e25c5736c202
Referer URL: http://friendsofbabba-core-sample.local/api/languages/load
Client IP: 172.26.0.1
Trace:
Cake\Error\BaseErrorHandler::handleError() - CORE/src/Error/BaseErrorHandler.php, line 188
DebugKit\Plugin::DebugKit\{closure}() - ROOT/vendor/cakephp/debug_kit/src/Plugin.php, line 105
file_get_contents - [internal], line ??
FriendsOfBabba\Core\Plugin::getAuthenticationService() - ROOT/vendor/friendsofbabba/core/src/Plugin.php, line 127
Authentication\Middleware\AuthenticationMiddleware::getAuthenticationService() - ROOT/vendor/cakephp/authentication/src/Middleware/AuthenticationMiddleware.php, line 154
Authentication\Middleware\AuthenticationMiddleware::process() - ROOT/vendor/cakephp/authentication/src/Middleware/AuthenticationMiddleware.php, line 102
Cake\Http\Runner::handle() - CORE/src/Http/Runner.php, line 73
Cake\Http\Middleware\BodyParserMiddleware::process() - CORE/src/Http/Middleware/BodyParserMiddleware.php, line 157
Cake\Http\Runner::handle() - CORE/src/Http/Runner.php, line 73
Cake\Routing\Middleware\RoutingMiddleware::process() - CORE/src/Routing/Middleware/RoutingMiddleware.php, line 161
Cake\Http\Runner::handle() - CORE/src/Http/Runner.php, line 73
Cake\Routing\Middleware\AssetMiddleware::process() - CORE/src/Routing/Middleware/AssetMiddleware.php, line 68
Cake\Http\Runner::handle() - CORE/src/Http/Runner.php, line 73
Cake\Error\Middleware\ErrorHandlerMiddleware::process() - CORE/src/Error/Middleware/ErrorHandlerMiddleware.php, line 126
Cake\Http\Runner::handle() - CORE/src/Http/Runner.php, line 73
DebugKit\Middleware\DebugKitMiddleware::process() - ROOT/vendor/cakephp/debug_kit/src/Middleware/DebugKitMiddleware.php, line 60
Cake\Http\Runner::handle() - CORE/src/Http/Runner.php, line 73
Cake\Http\Runner::run() - CORE/src/Http/Runner.php, line 58
Cake\Http\Server::run() - CORE/src/Http/Server.php, line 90
[main] - ROOT/webroot/index.php, line 40

2022-06-01 14:20:11 Warning: Warning (512): Unable to emit headers. Headers sent in file=/var/www/html/vendor/cakephp/cakephp/src/Error/Debugger.php line=971 in [/var/www/html/vendor/cakephp/cakephp/src/Http/ResponseEmitter.php, line 71]
Request URL: /debug-kit/toolbar/a9692293-73a7-473d-94f1-e25c5736c202
Referer URL: http://friendsofbabba-core-sample.local/api/languages/load
Client IP: 172.26.0.1
Trace:
Cake\Error\BaseErrorHandler::handleError() - CORE/src/Error/BaseErrorHandler.php, line 188
DebugKit\Plugin::DebugKit\{closure}() - ROOT/vendor/cakephp/debug_kit/src/Plugin.php, line 105
Cake\Http\ResponseEmitter::emit() - CORE/src/Http/ResponseEmitter.php, line 71
Cake\Http\Server::emit() - CORE/src/Http/Server.php, line 128
[main] - ROOT/webroot/index.php, line 40

2022-06-01 14:20:11 Warning: Warning (2): Cannot modify header information - headers already sent by (output started at /var/www/html/vendor/cakephp/cakephp/src/Error/Debugger.php:971) in [/var/www/html/vendor/cakephp/cakephp/src/Http/ResponseEmitter.php, line 168]
Request URL: /debug-kit/toolbar/a9692293-73a7-473d-94f1-e25c5736c202
Referer URL: http://friendsofbabba-core-sample.local/api/languages/load
Client IP: 172.26.0.1
Trace:
Cake\Error\BaseErrorHandler::handleError() - CORE/src/Error/BaseErrorHandler.php, line 188
DebugKit\Plugin::DebugKit\{closure}() - ROOT/vendor/cakephp/debug_kit/src/Plugin.php, line 105
header - [internal], line ??
Cake\Http\ResponseEmitter::emitStatusLine() - CORE/src/Http/ResponseEmitter.php, line 168
Cake\Http\ResponseEmitter::emit() - CORE/src/Http/ResponseEmitter.php, line 74
Cake\Http\Server::emit() - CORE/src/Http/Server.php, line 128
[main] - ROOT/webroot/index.php, line 40

2022-06-01 14:20:11 Warning: Warning (2): Cannot modify header information - headers already sent by (output started at /var/www/html/vendor/cakephp/cakephp/src/Error/Debugger.php:971) in [/var/www/html/vendor/cakephp/cakephp/src/Http/ResponseEmitter.php, line 197]
Request URL: /debug-kit/toolbar/a9692293-73a7-473d-94f1-e25c5736c202
Referer URL: http://friendsofbabba-core-sample.local/api/languages/load
Client IP: 172.26.0.1
Trace:
Cake\Error\BaseErrorHandler::handleError() - CORE/src/Error/BaseErrorHandler.php, line 188
DebugKit\Plugin::DebugKit\{closure}() - ROOT/vendor/cakephp/debug_kit/src/Plugin.php, line 105
header - [internal], line ??
Cake\Http\ResponseEmitter::emitHeaders() - CORE/src/Http/ResponseEmitter.php, line 197
Cake\Http\ResponseEmitter::emit() - CORE/src/Http/ResponseEmitter.php, line 75
Cake\Http\Server::emit() - CORE/src/Http/Server.php, line 128
[main] - ROOT/webroot/index.php, line 40

2022-06-01 14:20:11 Warning: Warning (2): Cannot modify header information - headers already sent by (output started at /var/www/html/vendor/cakephp/cakephp/src/Error/Debugger.php:971) in [/var/www/html/vendor/cakephp/cakephp/src/Http/ResponseEmitter.php, line 197]
Request URL: /debug-kit/toolbar/a9692293-73a7-473d-94f1-e25c5736c202
Referer URL: http://friendsofbabba-core-sample.local/api/languages/load
Client IP: 172.26.0.1
Trace:
Cake\Error\BaseErrorHandler::handleError() - CORE/src/Error/BaseErrorHandler.php, line 188
DebugKit\Plugin::DebugKit\{closure}() - ROOT/vendor/cakephp/debug_kit/src/Plugin.php, line 105
header - [internal], line ??
Cake\Http\ResponseEmitter::emitHeaders() - CORE/src/Http/ResponseEmitter.php, line 197
Cake\Http\ResponseEmitter::emit() - CORE/src/Http/ResponseEmitter.php, line 75
Cake\Http\Server::emit() - CORE/src/Http/Server.php, line 128
[main] - ROOT/webroot/index.php, line 40

2022-06-01 14:20:20 Warning: Warning (2): file_put_contents(/var/www/html/config/workflow.php): Failed to open stream: Permission denied in [/var/www/html/vendor/cakephp/cakephp/src/Core/Configure/Engine/PhpConfig.php, line 112]
Trace:
Cake\Error\BaseErrorHandler::handleError() - CORE/src/Error/BaseErrorHandler.php, line 188
DebugKit\Plugin::DebugKit\{closure}() - ROOT/vendor/cakephp/debug_kit/src/Plugin.php, line 105
file_put_contents - [internal], line ??
Cake\Core\Configure\Engine\PhpConfig::dump() - CORE/src/Core/Configure/Engine/PhpConfig.php, line 112
FriendsOfBabba\Core\Workflow\WorkflowFactory::removeInvalids() - ROOT/vendor/friendsofbabba/core/src/Workflow/WorkflowFactory.php, line 73
FriendsOfBabba\Core\Workflow\WorkflowFactory::__construct() - ROOT/vendor/friendsofbabba/core/src/Workflow/WorkflowFactory.php, line 27
FriendsOfBabba\Core\Workflow\WorkflowFactory::instance() - ROOT/vendor/friendsofbabba/core/src/Workflow/WorkflowFactory.php, line 39
Cake\Core\BasePlugin::{closure}() - ROOT/vendor/friendsofbabba/core/config/routes.php, line 12
Cake\Routing\RouteBuilder::scope() - CORE/src/Routing/RouteBuilder.php, line 950
Cake\Routing\RouteBuilder::prefix() - CORE/src/Routing/RouteBuilder.php, line 858
require - ROOT/vendor/friendsofbabba/core/config/routes.php, line 17
Cake\Core\BasePlugin::routes() - CORE/src/Core/BasePlugin.php, line 261
Cake\Http\BaseApplication::pluginRoutes() - CORE/src/Http/BaseApplication.php, line 207
Cake\Routing\Middleware\RoutingMiddleware::prepareRouteCollection() - CORE/src/Routing/Middleware/RoutingMiddleware.php, line 115
Cake\Routing\Middleware\RoutingMiddleware::buildRouteCollection() - CORE/src/Routing/Middleware/RoutingMiddleware.php, line 102
Cake\Routing\Middleware\RoutingMiddleware::loadRoutes() - CORE/src/Routing/Middleware/RoutingMiddleware.php, line 85
Cake\Routing\Middleware\RoutingMiddleware::process() - CORE/src/Routing/Middleware/RoutingMiddleware.php, line 133
Cake\Http\Runner::handle() - CORE/src/Http/Runner.php, line 73
Cake\Routing\Middleware\AssetMiddleware::process() - CORE/src/Routing/Middleware/AssetMiddleware.php, line 68
Cake\Http\Runner::handle() - CORE/src/Http/Runner.php, line 73
Cake\Error\Middleware\ErrorHandlerMiddleware::process() - CORE/src/Error/Middleware/ErrorHandlerMiddleware.php, line 126
Cake\Http\Runner::handle() - CORE/src/Http/Runner.php, line 73
DebugKit\Middleware\DebugKitMiddleware::process() - ROOT/vendor/cakephp/debug_kit/src/Middleware/DebugKitMiddleware.php, line 60
Cake\Http\Runner::handle() - CORE/src/Http/Runner.php, line 73
Cake\Http\Runner::run() - CORE/src/Http/Runner.php, line 58
Cake\Http\Server::run() - CORE/src/Http/Server.php, line 90
[main] - ROOT/webroot/index.php, line 40

2022-06-01 14:20:20 Warning: Warning (2): file_get_contents(/var/www/html/config//jwt.pem) [<a href='https://secure.php.net/function.file-get-contents'>function.file-get-contents</a>]: Failed to open stream: No such file or directory in [/var/www/html/vendor/friendsofbabba/core/src/Plugin.php, line 127]
Request URL: /api/languages/load
Client IP: 172.26.0.1
Trace:
Cake\Error\BaseErrorHandler::handleError() - CORE/src/Error/BaseErrorHandler.php, line 188
DebugKit\Plugin::DebugKit\{closure}() - ROOT/vendor/cakephp/debug_kit/src/Plugin.php, line 105
file_get_contents - [internal], line ??
FriendsOfBabba\Core\Plugin::getAuthenticationService() - ROOT/vendor/friendsofbabba/core/src/Plugin.php, line 127
Authentication\Middleware\AuthenticationMiddleware::getAuthenticationService() - ROOT/vendor/cakephp/authentication/src/Middleware/AuthenticationMiddleware.php, line 154
Authentication\Middleware\AuthenticationMiddleware::process() - ROOT/vendor/cakephp/authentication/src/Middleware/AuthenticationMiddleware.php, line 102
Cake\Http\Runner::handle() - CORE/src/Http/Runner.php, line 73
Cake\Http\Middleware\BodyParserMiddleware::process() - CORE/src/Http/Middleware/BodyParserMiddleware.php, line 157
Cake\Http\Runner::handle() - CORE/src/Http/Runner.php, line 73
Cake\Routing\Middleware\RoutingMiddleware::process() - CORE/src/Routing/Middleware/RoutingMiddleware.php, line 161
Cake\Http\Runner::handle() - CORE/src/Http/Runner.php, line 73
Cake\Routing\Middleware\AssetMiddleware::process() - CORE/src/Routing/Middleware/AssetMiddleware.php, line 68
Cake\Http\Runner::handle() - CORE/src/Http/Runner.php, line 73
Cake\Error\Middleware\ErrorHandlerMiddleware::process() - CORE/src/Error/Middleware/ErrorHandlerMiddleware.php, line 126
Cake\Http\Runner::handle() - CORE/src/Http/Runner.php, line 73
DebugKit\Middleware\DebugKitMiddleware::process() - ROOT/vendor/cakephp/debug_kit/src/Middleware/DebugKitMiddleware.php, line 60
Cake\Http\Runner::handle() - CORE/src/Http/Runner.php, line 73
Cake\Http\Runner::run() - CORE/src/Http/Runner.php, line 58
Cake\Http\Server::run() - CORE/src/Http/Server.php, line 90
[main] - ROOT/webroot/index.php, line 40

2022-06-01 14:20:20 Error: [Cake\View\Exception\MissingTemplateException] Template file `Api/Languages/load.php` could not be found.

The following paths were searched:

- `/var/www/html/templates/plugin/FriendsOfBabba/Core/Api/Languages/load.php`
- `/var/www/html/vendor/friendsofbabba/core/templates/Api/Languages/load.php`
- `/var/www/html/templates/Api/Languages/load.php`
- `/var/www/html/vendor/cakephp/cakephp/templates/Api/Languages/load.php`
 in Api/Languages/load.php on line 1354
Exception Attributes: array (
  'file' => 'Api/Languages/load.php',
  'paths' => 
  array (
    0 => '/var/www/html/templates/plugin/FriendsOfBabba/Core/',
    1 => '/var/www/html/vendor/friendsofbabba/core/templates/',
    2 => '/var/www/html/templates/',
    3 => '/var/www/html/vendor/cakephp/cakephp/templates/',
  ),
)
Stack Trace:
- /var/www/html/vendor/cakephp/cakephp/src/View/View.php:761
- /var/www/html/vendor/cakephp/cakephp/src/Controller/Controller.php:699
- /var/www/html/vendor/cakephp/cakephp/src/Controller/Controller.php:540
- /var/www/html/vendor/friendsofcake/crud/src/Controller/ControllerTrait.php:75
- /var/www/html/vendor/cakephp/cakephp/src/Controller/ControllerFactory.php:149
- /var/www/html/vendor/cakephp/cakephp/src/Http/BaseApplication.php:313
- /var/www/html/vendor/cakephp/cakephp/src/Http/Runner.php:77
- /var/www/html/vendor/cakephp/authorization/src/Middleware/RequestAuthorizationMiddleware.php:102
- /var/www/html/vendor/cakephp/cakephp/src/Http/Runner.php:73
- /var/www/html/vendor/friendsofbabba/core/src/Routing/Middleware/CorsMiddleware.php:33
- /var/www/html/vendor/cakephp/cakephp/src/Http/Runner.php:73
- /var/www/html/vendor/cakephp/authorization/src/Middleware/AuthorizationMiddleware.php:129
- /var/www/html/vendor/cakephp/cakephp/src/Http/Runner.php:73
- /var/www/html/vendor/cakephp/authentication/src/Middleware/AuthenticationMiddleware.php:124
- /var/www/html/vendor/cakephp/cakephp/src/Http/Runner.php:73
- /var/www/html/vendor/cakephp/cakephp/src/Http/Middleware/BodyParserMiddleware.php:157
- /var/www/html/vendor/cakephp/cakephp/src/Http/Runner.php:73
- /var/www/html/vendor/cakephp/cakephp/src/Routing/Middleware/RoutingMiddleware.php:161
- /var/www/html/vendor/cakephp/cakephp/src/Http/Runner.php:73
- /var/www/html/vendor/cakephp/cakephp/src/Routing/Middleware/AssetMiddleware.php:68
- /var/www/html/vendor/cakephp/cakephp/src/Http/Runner.php:73
- /var/www/html/vendor/cakephp/cakephp/src/Error/Middleware/ErrorHandlerMiddleware.php:126
- /var/www/html/vendor/cakephp/cakephp/src/Http/Runner.php:73
- /var/www/html/vendor/cakephp/debug_kit/src/Middleware/DebugKitMiddleware.php:60
- /var/www/html/vendor/cakephp/cakephp/src/Http/Runner.php:73
- /var/www/html/vendor/cakephp/cakephp/src/Http/Runner.php:58
- /var/www/html/vendor/cakephp/cakephp/src/Http/Server.php:90
- /var/www/html/webroot/index.php:40

Request URL: /api/languages/load
Client IP: 172.26.0.1


2022-06-01 14:20:20 Warning: Warning (512): Unable to emit headers. Headers sent in file=/var/www/html/vendor/cakephp/cakephp/src/Error/Debugger.php line=971 in [/var/www/html/vendor/cakephp/cakephp/src/Http/ResponseEmitter.php, line 71]
Request URL: /api/languages/load
Client IP: 172.26.0.1
Trace:
Cake\Error\BaseErrorHandler::handleError() - CORE/src/Error/BaseErrorHandler.php, line 188
DebugKit\Plugin::DebugKit\{closure}() - ROOT/vendor/cakephp/debug_kit/src/Plugin.php, line 105
Cake\Http\ResponseEmitter::emit() - CORE/src/Http/ResponseEmitter.php, line 71
Cake\Http\Server::emit() - CORE/src/Http/Server.php, line 128
[main] - ROOT/webroot/index.php, line 40

2022-06-01 14:20:20 Warning: Warning (2): Cannot modify header information - headers already sent by (output started at /var/www/html/vendor/cakephp/cakephp/src/Error/Debugger.php:971) in [/var/www/html/vendor/cakephp/cakephp/src/Http/ResponseEmitter.php, line 168]
Request URL: /api/languages/load
Client IP: 172.26.0.1
Trace:
Cake\Error\BaseErrorHandler::handleError() - CORE/src/Error/BaseErrorHandler.php, line 188
DebugKit\Plugin::DebugKit\{closure}() - ROOT/vendor/cakephp/debug_kit/src/Plugin.php, line 105
header - [internal], line ??
Cake\Http\ResponseEmitter::emitStatusLine() - CORE/src/Http/ResponseEmitter.php, line 168
Cake\Http\ResponseEmitter::emit() - CORE/src/Http/ResponseEmitter.php, line 74
Cake\Http\Server::emit() - CORE/src/Http/Server.php, line 128
[main] - ROOT/webroot/index.php, line 40

2022-06-01 14:20:20 Warning: Warning (2): Cannot modify header information - headers already sent by (output started at /var/www/html/vendor/cakephp/cakephp/src/Error/Debugger.php:971) in [/var/www/html/vendor/cakephp/cakephp/src/Http/ResponseEmitter.php, line 197]
Request URL: /api/languages/load
Client IP: 172.26.0.1
Trace:
Cake\Error\BaseErrorHandler::handleError() - CORE/src/Error/BaseErrorHandler.php, line 188
DebugKit\Plugin::DebugKit\{closure}() - ROOT/vendor/cakephp/debug_kit/src/Plugin.php, line 105
header - [internal], line ??
Cake\Http\ResponseEmitter::emitHeaders() - CORE/src/Http/ResponseEmitter.php, line 197
Cake\Http\ResponseEmitter::emit() - CORE/src/Http/ResponseEmitter.php, line 75
Cake\Http\Server::emit() - CORE/src/Http/Server.php, line 128
[main] - ROOT/webroot/index.php, line 40

2022-06-01 14:20:20 Warning: Warning (2): Cannot modify header information - headers already sent by (output started at /var/www/html/vendor/cakephp/cakephp/src/Error/Debugger.php:971) in [/var/www/html/vendor/cakephp/cakephp/src/Http/ResponseEmitter.php, line 197]
Request URL: /api/languages/load
Client IP: 172.26.0.1
Trace:
Cake\Error\BaseErrorHandler::handleError() - CORE/src/Error/BaseErrorHandler.php, line 188
DebugKit\Plugin::DebugKit\{closure}() - ROOT/vendor/cakephp/debug_kit/src/Plugin.php, line 105
header - [internal], line ??
Cake\Http\ResponseEmitter::emitHeaders() - CORE/src/Http/ResponseEmitter.php, line 197
Cake\Http\ResponseEmitter::emit() - CORE/src/Http/ResponseEmitter.php, line 75
Cake\Http\Server::emit() - CORE/src/Http/Server.php, line 128
[main] - ROOT/webroot/index.php, line 40

2022-06-01 14:20:20 Warning: Warning (2): file_put_contents(/var/www/html/config/workflow.php): Failed to open stream: Permission denied in [/var/www/html/vendor/cakephp/cakephp/src/Core/Configure/Engine/PhpConfig.php, line 112]
Trace:
Cake\Error\BaseErrorHandler::handleError() - CORE/src/Error/BaseErrorHandler.php, line 188
DebugKit\Plugin::DebugKit\{closure}() - ROOT/vendor/cakephp/debug_kit/src/Plugin.php, line 105
file_put_contents - [internal], line ??
Cake\Core\Configure\Engine\PhpConfig::dump() - CORE/src/Core/Configure/Engine/PhpConfig.php, line 112
FriendsOfBabba\Core\Workflow\WorkflowFactory::removeInvalids() - ROOT/vendor/friendsofbabba/core/src/Workflow/WorkflowFactory.php, line 73
FriendsOfBabba\Core\Workflow\WorkflowFactory::__construct() - ROOT/vendor/friendsofbabba/core/src/Workflow/WorkflowFactory.php, line 27
FriendsOfBabba\Core\Workflow\WorkflowFactory::instance() - ROOT/vendor/friendsofbabba/core/src/Workflow/WorkflowFactory.php, line 39
Cake\Core\BasePlugin::{closure}() - ROOT/vendor/friendsofbabba/core/config/routes.php, line 12
Cake\Routing\RouteBuilder::scope() - CORE/src/Routing/RouteBuilder.php, line 950
Cake\Routing\RouteBuilder::prefix() - CORE/src/Routing/RouteBuilder.php, line 858
require - ROOT/vendor/friendsofbabba/core/config/routes.php, line 17
Cake\Core\BasePlugin::routes() - CORE/src/Core/BasePlugin.php, line 261
Cake\Http\BaseApplication::pluginRoutes() - CORE/src/Http/BaseApplication.php, line 207
Cake\Routing\Middleware\RoutingMiddleware::prepareRouteCollection() - CORE/src/Routing/Middleware/RoutingMiddleware.php, line 115
Cake\Routing\Middleware\RoutingMiddleware::buildRouteCollection() - CORE/src/Routing/Middleware/RoutingMiddleware.php, line 102
Cake\Routing\Middleware\RoutingMiddleware::loadRoutes() - CORE/src/Routing/Middleware/RoutingMiddleware.php, line 85
Cake\Routing\Middleware\RoutingMiddleware::process() - CORE/src/Routing/Middleware/RoutingMiddleware.php, line 133
Cake\Http\Runner::handle() - CORE/src/Http/Runner.php, line 73
Cake\Routing\Middleware\AssetMiddleware::process() - CORE/src/Routing/Middleware/AssetMiddleware.php, line 68
Cake\Http\Runner::handle() - CORE/src/Http/Runner.php, line 73
Cake\Error\Middleware\ErrorHandlerMiddleware::process() - CORE/src/Error/Middleware/ErrorHandlerMiddleware.php, line 126
Cake\Http\Runner::handle() - CORE/src/Http/Runner.php, line 73
DebugKit\Middleware\DebugKitMiddleware::process() - ROOT/vendor/cakephp/debug_kit/src/Middleware/DebugKitMiddleware.php, line 60
Cake\Http\Runner::handle() - CORE/src/Http/Runner.php, line 73
Cake\Http\Runner::run() - CORE/src/Http/Runner.php, line 58
Cake\Http\Server::run() - CORE/src/Http/Server.php, line 90
[main] - ROOT/webroot/index.php, line 40

2022-06-01 14:20:20 Warning: Warning (2): file_get_contents(/var/www/html/config//jwt.pem) [<a href='https://secure.php.net/function.file-get-contents'>function.file-get-contents</a>]: Failed to open stream: No such file or directory in [/var/www/html/vendor/friendsofbabba/core/src/Plugin.php, line 127]
Request URL: /debug-kit/toolbar/2308ead4-f7a2-4c60-b394-c981946462ed
Referer URL: http://friendsofbabba-core-sample.local/api/languages/load
Client IP: 172.26.0.1
Trace:
Cake\Error\BaseErrorHandler::handleError() - CORE/src/Error/BaseErrorHandler.php, line 188
DebugKit\Plugin::DebugKit\{closure}() - ROOT/vendor/cakephp/debug_kit/src/Plugin.php, line 105
file_get_contents - [internal], line ??
FriendsOfBabba\Core\Plugin::getAuthenticationService() - ROOT/vendor/friendsofbabba/core/src/Plugin.php, line 127
Authentication\Middleware\AuthenticationMiddleware::getAuthenticationService() - ROOT/vendor/cakephp/authentication/src/Middleware/AuthenticationMiddleware.php, line 154
Authentication\Middleware\AuthenticationMiddleware::process() - ROOT/vendor/cakephp/authentication/src/Middleware/AuthenticationMiddleware.php, line 102
Cake\Http\Runner::handle() - CORE/src/Http/Runner.php, line 73
Cake\Http\Middleware\BodyParserMiddleware::process() - CORE/src/Http/Middleware/BodyParserMiddleware.php, line 157
Cake\Http\Runner::handle() - CORE/src/Http/Runner.php, line 73
Cake\Routing\Middleware\RoutingMiddleware::process() - CORE/src/Routing/Middleware/RoutingMiddleware.php, line 161
Cake\Http\Runner::handle() - CORE/src/Http/Runner.php, line 73
Cake\Routing\Middleware\AssetMiddleware::process() - CORE/src/Routing/Middleware/AssetMiddleware.php, line 68
Cake\Http\Runner::handle() - CORE/src/Http/Runner.php, line 73
Cake\Error\Middleware\ErrorHandlerMiddleware::process() - CORE/src/Error/Middleware/ErrorHandlerMiddleware.php, line 126
Cake\Http\Runner::handle() - CORE/src/Http/Runner.php, line 73
DebugKit\Middleware\DebugKitMiddleware::process() - ROOT/vendor/cakephp/debug_kit/src/Middleware/DebugKitMiddleware.php, line 60
Cake\Http\Runner::handle() - CORE/src/Http/Runner.php, line 73
Cake\Http\Runner::run() - CORE/src/Http/Runner.php, line 58
Cake\Http\Server::run() - CORE/src/Http/Server.php, line 90
[main] - ROOT/webroot/index.php, line 40

2022-06-01 14:20:20 Warning: Warning (512): Unable to emit headers. Headers sent in file=/var/www/html/vendor/cakephp/cakephp/src/Error/Debugger.php line=971 in [/var/www/html/vendor/cakephp/cakephp/src/Http/ResponseEmitter.php, line 71]
Request URL: /debug-kit/toolbar/2308ead4-f7a2-4c60-b394-c981946462ed
Referer URL: http://friendsofbabba-core-sample.local/api/languages/load
Client IP: 172.26.0.1
Trace:
Cake\Error\BaseErrorHandler::handleError() - CORE/src/Error/BaseErrorHandler.php, line 188
DebugKit\Plugin::DebugKit\{closure}() - ROOT/vendor/cakephp/debug_kit/src/Plugin.php, line 105
Cake\Http\ResponseEmitter::emit() - CORE/src/Http/ResponseEmitter.php, line 71
Cake\Http\Server::emit() - CORE/src/Http/Server.php, line 128
[main] - ROOT/webroot/index.php, line 40

2022-06-01 14:20:20 Warning: Warning (2): Cannot modify header information - headers already sent by (output started at /var/www/html/vendor/cakephp/cakephp/src/Error/Debugger.php:971) in [/var/www/html/vendor/cakephp/cakephp/src/Http/ResponseEmitter.php, line 168]
Request URL: /debug-kit/toolbar/2308ead4-f7a2-4c60-b394-c981946462ed
Referer URL: http://friendsofbabba-core-sample.local/api/languages/load
Client IP: 172.26.0.1
Trace:
Cake\Error\BaseErrorHandler::handleError() - CORE/src/Error/BaseErrorHandler.php, line 188
DebugKit\Plugin::DebugKit\{closure}() - ROOT/vendor/cakephp/debug_kit/src/Plugin.php, line 105
header - [internal], line ??
Cake\Http\ResponseEmitter::emitStatusLine() - CORE/src/Http/ResponseEmitter.php, line 168
Cake\Http\ResponseEmitter::emit() - CORE/src/Http/ResponseEmitter.php, line 74
Cake\Http\Server::emit() - CORE/src/Http/Server.php, line 128
[main] - ROOT/webroot/index.php, line 40

2022-06-01 14:20:20 Warning: Warning (2): Cannot modify header information - headers already sent by (output started at /var/www/html/vendor/cakephp/cakephp/src/Error/Debugger.php:971) in [/var/www/html/vendor/cakephp/cakephp/src/Http/ResponseEmitter.php, line 197]
Request URL: /debug-kit/toolbar/2308ead4-f7a2-4c60-b394-c981946462ed
Referer URL: http://friendsofbabba-core-sample.local/api/languages/load
Client IP: 172.26.0.1
Trace:
Cake\Error\BaseErrorHandler::handleError() - CORE/src/Error/BaseErrorHandler.php, line 188
DebugKit\Plugin::DebugKit\{closure}() - ROOT/vendor/cakephp/debug_kit/src/Plugin.php, line 105
header - [internal], line ??
Cake\Http\ResponseEmitter::emitHeaders() - CORE/src/Http/ResponseEmitter.php, line 197
Cake\Http\ResponseEmitter::emit() - CORE/src/Http/ResponseEmitter.php, line 75
Cake\Http\Server::emit() - CORE/src/Http/Server.php, line 128
[main] - ROOT/webroot/index.php, line 40

2022-06-01 14:20:20 Warning: Warning (2): Cannot modify header information - headers already sent by (output started at /var/www/html/vendor/cakephp/cakephp/src/Error/Debugger.php:971) in [/var/www/html/vendor/cakephp/cakephp/src/Http/ResponseEmitter.php, line 197]
Request URL: /debug-kit/toolbar/2308ead4-f7a2-4c60-b394-c981946462ed
Referer URL: http://friendsofbabba-core-sample.local/api/languages/load
Client IP: 172.26.0.1
Trace:
Cake\Error\BaseErrorHandler::handleError() - CORE/src/Error/BaseErrorHandler.php, line 188
DebugKit\Plugin::DebugKit\{closure}() - ROOT/vendor/cakephp/debug_kit/src/Plugin.php, line 105
header - [internal], line ??
Cake\Http\ResponseEmitter::emitHeaders() - CORE/src/Http/ResponseEmitter.php, line 197
Cake\Http\ResponseEmitter::emit() - CORE/src/Http/ResponseEmitter.php, line 75
Cake\Http\Server::emit() - CORE/src/Http/Server.php, line 128
[main] - ROOT/webroot/index.php, line 40

2022-06-01 14:22:39 Error: [Cake\View\Exception\MissingTemplateException] Template file `Api/Languages/load.php` could not be found.

The following paths were searched:

- `/var/www/html/templates/plugin/FriendsOfBabba/Core/Api/Languages/load.php`
- `/var/www/html/vendor/friendsofbabba/core/templates/Api/Languages/load.php`
- `/var/www/html/templates/Api/Languages/load.php`
- `/var/www/html/vendor/cakephp/cakephp/templates/Api/Languages/load.php`
 in Api/Languages/load.php on line 1354
Exception Attributes: array (
  'file' => 'Api/Languages/load.php',
  'paths' => 
  array (
    0 => '/var/www/html/templates/plugin/FriendsOfBabba/Core/',
    1 => '/var/www/html/vendor/friendsofbabba/core/templates/',
    2 => '/var/www/html/templates/',
    3 => '/var/www/html/vendor/cakephp/cakephp/templates/',
  ),
)
Stack Trace:
- /var/www/html/vendor/cakephp/cakephp/src/View/View.php:761
- /var/www/html/vendor/cakephp/cakephp/src/Controller/Controller.php:699
- /var/www/html/vendor/cakephp/cakephp/src/Controller/Controller.php:540
- /var/www/html/vendor/friendsofcake/crud/src/Controller/ControllerTrait.php:75
- /var/www/html/vendor/cakephp/cakephp/src/Controller/ControllerFactory.php:149
- /var/www/html/vendor/cakephp/cakephp/src/Http/BaseApplication.php:313
- /var/www/html/vendor/cakephp/cakephp/src/Http/Runner.php:77
- /var/www/html/vendor/cakephp/authorization/src/Middleware/RequestAuthorizationMiddleware.php:102
- /var/www/html/vendor/cakephp/cakephp/src/Http/Runner.php:73
- /var/www/html/vendor/friendsofbabba/core/src/Routing/Middleware/CorsMiddleware.php:33
- /var/www/html/vendor/cakephp/cakephp/src/Http/Runner.php:73
- /var/www/html/vendor/cakephp/authorization/src/Middleware/AuthorizationMiddleware.php:129
- /var/www/html/vendor/cakephp/cakephp/src/Http/Runner.php:73
- /var/www/html/vendor/cakephp/authentication/src/Middleware/AuthenticationMiddleware.php:124
- /var/www/html/vendor/cakephp/cakephp/src/Http/Runner.php:73
- /var/www/html/vendor/cakephp/cakephp/src/Http/Middleware/BodyParserMiddleware.php:157
- /var/www/html/vendor/cakephp/cakephp/src/Http/Runner.php:73
- /var/www/html/vendor/cakephp/cakephp/src/Routing/Middleware/RoutingMiddleware.php:161
- /var/www/html/vendor/cakephp/cakephp/src/Http/Runner.php:73
- /var/www/html/vendor/cakephp/cakephp/src/Routing/Middleware/AssetMiddleware.php:68
- /var/www/html/vendor/cakephp/cakephp/src/Http/Runner.php:73
- /var/www/html/vendor/cakephp/cakephp/src/Error/Middleware/ErrorHandlerMiddleware.php:126
- /var/www/html/vendor/cakephp/cakephp/src/Http/Runner.php:73
- /var/www/html/vendor/cakephp/debug_kit/src/Middleware/DebugKitMiddleware.php:60
- /var/www/html/vendor/cakephp/cakephp/src/Http/Runner.php:73
- /var/www/html/vendor/cakephp/cakephp/src/Http/Runner.php:58
- /var/www/html/vendor/cakephp/cakephp/src/Http/Server.php:90
- /var/www/html/webroot/index.php:40

Request URL: /api/languages/load
Client IP: 172.26.0.1


2022-06-01 14:22:43 Error: [Cake\Http\Exception\UnauthorizedException] User not authenticated or session expired! in /var/www/html/vendor/friendsofbabba/core/src/Controller/Api/AppController.php on line 83
Stack Trace:
- /var/www/html/vendor/cakephp/cakephp/src/Event/EventManager.php:309
- /var/www/html/vendor/cakephp/cakephp/src/Event/EventManager.php:286
- /var/www/html/vendor/cakephp/cakephp/src/Event/EventDispatcherTrait.php:92
- /var/www/html/vendor/cakephp/cakephp/src/Controller/Controller.php:575
- /var/www/html/vendor/cakephp/cakephp/src/Controller/ControllerFactory.php:96
- /var/www/html/vendor/cakephp/cakephp/src/Http/BaseApplication.php:313
- /var/www/html/vendor/cakephp/cakephp/src/Http/Runner.php:77
- /var/www/html/vendor/cakephp/authorization/src/Middleware/RequestAuthorizationMiddleware.php:102
- /var/www/html/vendor/cakephp/cakephp/src/Http/Runner.php:73
- /var/www/html/vendor/friendsofbabba/core/src/Routing/Middleware/CorsMiddleware.php:33
- /var/www/html/vendor/cakephp/cakephp/src/Http/Runner.php:73
- /var/www/html/vendor/cakephp/authorization/src/Middleware/AuthorizationMiddleware.php:129
- /var/www/html/vendor/cakephp/cakephp/src/Http/Runner.php:73
- /var/www/html/vendor/cakephp/authentication/src/Middleware/AuthenticationMiddleware.php:124
- /var/www/html/vendor/cakephp/cakephp/src/Http/Runner.php:73
- /var/www/html/vendor/cakephp/cakephp/src/Http/Middleware/BodyParserMiddleware.php:157
- /var/www/html/vendor/cakephp/cakephp/src/Http/Runner.php:73
- /var/www/html/vendor/cakephp/cakephp/src/Routing/Middleware/RoutingMiddleware.php:161
- /var/www/html/vendor/cakephp/cakephp/src/Http/Runner.php:73
- /var/www/html/vendor/cakephp/cakephp/src/Routing/Middleware/AssetMiddleware.php:68
- /var/www/html/vendor/cakephp/cakephp/src/Http/Runner.php:73
- /var/www/html/vendor/cakephp/cakephp/src/Error/Middleware/ErrorHandlerMiddleware.php:126
- /var/www/html/vendor/cakephp/cakephp/src/Http/Runner.php:73
- /var/www/html/vendor/cakephp/debug_kit/src/Middleware/DebugKitMiddleware.php:60
- /var/www/html/vendor/cakephp/cakephp/src/Http/Runner.php:73
- /var/www/html/vendor/cakephp/cakephp/src/Http/Runner.php:58
- /var/www/html/vendor/cakephp/cakephp/src/Http/Server.php:90
- /var/www/html/webroot/index.php:40

Request URL: /api/crud/load
Referer URL: http://localhost:3000/
Client IP: 172.26.0.1


2022-06-01 14:22:56 Error: [Cake\Http\Exception\UnauthorizedException] User not authenticated or session expired! in /var/www/html/vendor/friendsofbabba/core/src/Controller/Api/AppController.php on line 83
Stack Trace:
- /var/www/html/vendor/cakephp/cakephp/src/Event/EventManager.php:309
- /var/www/html/vendor/cakephp/cakephp/src/Event/EventManager.php:286
- /var/www/html/vendor/cakephp/cakephp/src/Event/EventDispatcherTrait.php:92
- /var/www/html/vendor/cakephp/cakephp/src/Controller/Controller.php:575
- /var/www/html/vendor/cakephp/cakephp/src/Controller/ControllerFactory.php:96
- /var/www/html/vendor/cakephp/cakephp/src/Http/BaseApplication.php:313
- /var/www/html/vendor/cakephp/cakephp/src/Http/Runner.php:77
- /var/www/html/vendor/cakephp/authorization/src/Middleware/RequestAuthorizationMiddleware.php:102
- /var/www/html/vendor/cakephp/cakephp/src/Http/Runner.php:73
- /var/www/html/vendor/friendsofbabba/core/src/Routing/Middleware/CorsMiddleware.php:33
- /var/www/html/vendor/cakephp/cakephp/src/Http/Runner.php:73
- /var/www/html/vendor/cakephp/authorization/src/Middleware/AuthorizationMiddleware.php:129
- /var/www/html/vendor/cakephp/cakephp/src/Http/Runner.php:73
- /var/www/html/vendor/cakephp/authentication/src/Middleware/AuthenticationMiddleware.php:124
- /var/www/html/vendor/cakephp/cakephp/src/Http/Runner.php:73
- /var/www/html/vendor/cakephp/cakephp/src/Http/Middleware/BodyParserMiddleware.php:157
- /var/www/html/vendor/cakephp/cakephp/src/Http/Runner.php:73
- /var/www/html/vendor/cakephp/cakephp/src/Routing/Middleware/RoutingMiddleware.php:161
- /var/www/html/vendor/cakephp/cakephp/src/Http/Runner.php:73
- /var/www/html/vendor/cakephp/cakephp/src/Routing/Middleware/AssetMiddleware.php:68
- /var/www/html/vendor/cakephp/cakephp/src/Http/Runner.php:73
- /var/www/html/vendor/cakephp/cakephp/src/Error/Middleware/ErrorHandlerMiddleware.php:126
- /var/www/html/vendor/cakephp/cakephp/src/Http/Runner.php:73
- /var/www/html/vendor/cakephp/debug_kit/src/Middleware/DebugKitMiddleware.php:60
- /var/www/html/vendor/cakephp/cakephp/src/Http/Runner.php:73
- /var/www/html/vendor/cakephp/cakephp/src/Http/Runner.php:58
- /var/www/html/vendor/cakephp/cakephp/src/Http/Server.php:90
- /var/www/html/webroot/index.php:40

Request URL: /api/crud/load
Referer URL: http://localhost:3000/
Client IP: 172.26.0.1


